This is pdfTeX, Version 3.14159265-2.6-1.40.19 (TeX Live 2018) (preloaded format=pdflatex 2018.12.8)  24 MAY 2019 16:36
entering extended mode
 restricted \write18 enabled.
 file:line:error style messages enabled.
 %&-line parsing enabled.
**main.tex
(./main.tex
LaTeX2e <2018-04-01> patch level 2
Babel <3.18> and hyphenation patterns for 84 language(s) loaded.
(/usr/local/texlive/2018/texmf-dist/tex/latex/base/book.cls
Document Class: book 2014/09/29 v1.4h Standard LaTeX document class
(/usr/local/texlive/2018/texmf-dist/tex/latex/base/bk11.clo
File: bk11.clo 2014/09/29 v1.4h Standard LaTeX file (size option)
)
\c@part=\count80
\c@chapter=\count81
\c@section=\count82
\c@subsection=\count83
\c@subsubsection=\count84
\c@paragraph=\count85
\c@subparagraph=\count86
\c@figure=\count87
\c@table=\count88
\abovecaptionskip=\skip41
\belowcaptionskip=\skip42
\bibindent=\dimen102
) (./form.tex
(/usr/local/texlive/2018/texmf-dist/tex/latex/geometry/geometry.sty
Package: geometry 2018/03/24 v5.7 Page Geometry

(/usr/local/texlive/2018/texmf-dist/tex/latex/graphics/keyval.sty
Package: keyval 2014/10/28 v1.15 key=value parser (DPC)
\KV@toks@=\toks14
)
(/usr/local/texlive/2018/texmf-dist/tex/generic/oberdiek/ifpdf.sty
Package: ifpdf 2017/03/15 v3.2 Provides the ifpdf switch
)
(/usr/local/texlive/2018/texmf-dist/tex/generic/oberdiek/ifvtex.sty
Package: ifvtex 2016/05/16 v1.6 Detect VTeX and its facilities (HO)
Package ifvtex Info: VTeX not detected.
)
(/usr/local/texlive/2018/texmf-dist/tex/generic/ifxetex/ifxetex.sty
Package: ifxetex 2010/09/12 v0.6 Provides ifxetex conditional
)
\Gm@cnth=\count89
\Gm@cntv=\count90
\c@Gm@tempcnt=\count91
\Gm@bindingoffset=\dimen103
\Gm@wd@mp=\dimen104
\Gm@odd@mp=\dimen105
\Gm@even@mp=\dimen106
\Gm@layoutwidth=\dimen107
\Gm@layoutheight=\dimen108
\Gm@layouthoffset=\dimen109
\Gm@layoutvoffset=\dimen110
\Gm@dimlist=\toks15
)
(/usr/local/texlive/2018/texmf-dist/tex/latex/base/inputenc.sty
Package: inputenc 2018/04/06 v1.3b Input encoding file
\inpenc@prehook=\toks16
\inpenc@posthook=\toks17
)
(/usr/local/texlive/2018/texmf-dist/tex/latex/base/fontenc.sty
Package: fontenc 2017/04/05 v2.0i Standard LaTeX package

(/usr/local/texlive/2018/texmf-dist/tex/latex/base/t1enc.def
File: t1enc.def 2017/04/05 v2.0i Standard LaTeX file
LaTeX Font Info:    Redeclaring font encoding T1 on input line 48.
))
(/usr/local/texlive/2018/texmf-dist/tex/latex/tools/enumerate.sty
Package: enumerate 2015/07/23 v3.00 enumerate extensions (DPC)
\@enLab=\toks18
)
(/usr/local/texlive/2018/texmf-dist/tex/latex/ms/ragged2e.sty
Package: ragged2e 2009/05/21 v2.1 ragged2e Package (MS)

(/usr/local/texlive/2018/texmf-dist/tex/latex/ms/everysel.sty
Package: everysel 2011/10/28 v1.2 EverySelectfont Package (MS)
)
\CenteringLeftskip=\skip43
\RaggedLeftLeftskip=\skip44
\RaggedRightLeftskip=\skip45
\CenteringRightskip=\skip46
\RaggedLeftRightskip=\skip47
\RaggedRightRightskip=\skip48
\CenteringParfillskip=\skip49
\RaggedLeftParfillskip=\skip50
\RaggedRightParfillskip=\skip51
\JustifyingParfillskip=\skip52
\CenteringParindent=\skip53
\RaggedLeftParindent=\skip54
\RaggedRightParindent=\skip55
\JustifyingParindent=\skip56
)
(/usr/local/texlive/2018/texmf-dist/tex/latex/lipsum/lipsum.sty
Package: lipsum 2014/07/27 v1.3 150 paragraphs of Lorem Ipsum dummy text
\c@lips@count=\count92
)
(/usr/local/texlive/2018/texmf-dist/tex/generic/babel/babel.sty
Package: babel 2018/02/14 3.18 The Babel package

(/usr/local/texlive/2018/texmf-dist/tex/generic/babel/switch.def
File: switch.def 2018/02/14 3.18 Babel switching mechanism
)
(/usr/local/texlive/2018/texmf-dist/tex/generic/babel-english/english.ldf
Language: english 2017/06/06 v3.3r English support from the babel system

(/usr/local/texlive/2018/texmf-dist/tex/generic/babel/babel.def
File: babel.def 2018/02/14 3.18 Babel common definitions
\babel@savecnt=\count93
\U@D=\dimen111

(/usr/local/texlive/2018/texmf-dist/tex/generic/babel/txtbabel.def)
\bbl@dirlevel=\count94
)
\l@canadian = a dialect from \language\l@american 
\l@australian = a dialect from \language\l@british 
\l@newzealand = a dialect from \language\l@british 
)
(/usr/local/texlive/2018/texmf-dist/tex/generic/babel-french/francais.ldf
Language: francais 2018/03/25 v3.4c French support from the babel system


Package francais.ldf Warning: Option `francais' for Babel is *deprecated*,
(francais.ldf)                it might be removed sooner or later. Please
(francais.ldf)                use `french' instead; reported on input line 31.

(/usr/local/texlive/2018/texmf-dist/tex/generic/babel-french/french.ldf
Language: french 2018/03/25 v3.4c French support from the babel system
\l@acadian = a dialect from \language\l@french 
\FB@nonchar=\count95
Package babel Info: Making : an active character on input line 415.
Package babel Info: Making ; an active character on input line 416.
Package babel Info: Making ! an active character on input line 417.
Package babel Info: Making ? an active character on input line 418.
\FBguill@level=\count96
\FB@everypar=\toks19
\FB@Mht=\dimen112
\mc@charclass=\count97
\mc@charfam=\count98
\mc@charslot=\count99
\std@mcc=\count100
\dec@mcc=\count101
\c@FBcaption@count=\count102
\listindentFB=\skip57
\descindentFB=\skip58
\labelwidthFB=\skip59
\leftmarginFB=\skip60
\parindentFFN=\dimen113
\FBfnindent=\skip61
)))
(/usr/local/texlive/2018/texmf-dist/tex/latex/carlisle/scalefnt.sty)
(/usr/local/texlive/2018/texmf-dist/tex/latex/lm/lmodern.sty
Package: lmodern 2009/10/30 v1.6 Latin Modern Fonts
LaTeX Font Info:    Overwriting symbol font `operators' in version `normal'
(Font)                  OT1/cmr/m/n --> OT1/lmr/m/n on input line 22.
LaTeX Font Info:    Overwriting symbol font `letters' in version `normal'
(Font)                  OML/cmm/m/it --> OML/lmm/m/it on input line 23.
LaTeX Font Info:    Overwriting symbol font `symbols' in version `normal'
(Font)                  OMS/cmsy/m/n --> OMS/lmsy/m/n on input line 24.
LaTeX Font Info:    Overwriting symbol font `largesymbols' in version `normal'
(Font)                  OMX/cmex/m/n --> OMX/lmex/m/n on input line 25.
LaTeX Font Info:    Overwriting symbol font `operators' in version `bold'
(Font)                  OT1/cmr/bx/n --> OT1/lmr/bx/n on input line 26.
LaTeX Font Info:    Overwriting symbol font `letters' in version `bold'
(Font)                  OML/cmm/b/it --> OML/lmm/b/it on input line 27.
LaTeX Font Info:    Overwriting symbol font `symbols' in version `bold'
(Font)                  OMS/cmsy/b/n --> OMS/lmsy/b/n on input line 28.
LaTeX Font Info:    Overwriting symbol font `largesymbols' in version `bold'
(Font)                  OMX/cmex/m/n --> OMX/lmex/m/n on input line 29.
LaTeX Font Info:    Overwriting math alphabet `\mathbf' in version `normal'
(Font)                  OT1/cmr/bx/n --> OT1/lmr/bx/n on input line 31.
LaTeX Font Info:    Overwriting math alphabet `\mathsf' in version `normal'
(Font)                  OT1/cmss/m/n --> OT1/lmss/m/n on input line 32.
LaTeX Font Info:    Overwriting math alphabet `\mathit' in version `normal'
(Font)                  OT1/cmr/m/it --> OT1/lmr/m/it on input line 33.
LaTeX Font Info:    Overwriting math alphabet `\mathtt' in version `normal'
(Font)                  OT1/cmtt/m/n --> OT1/lmtt/m/n on input line 34.
LaTeX Font Info:    Overwriting math alphabet `\mathbf' in version `bold'
(Font)                  OT1/cmr/bx/n --> OT1/lmr/bx/n on input line 35.
LaTeX Font Info:    Overwriting math alphabet `\mathsf' in version `bold'
(Font)                  OT1/cmss/bx/n --> OT1/lmss/bx/n on input line 36.
LaTeX Font Info:    Overwriting math alphabet `\mathit' in version `bold'
(Font)                  OT1/cmr/bx/it --> OT1/lmr/bx/it on input line 37.
LaTeX Font Info:    Overwriting math alphabet `\mathtt' in version `bold'
(Font)                  OT1/cmtt/m/n --> OT1/lmtt/m/n on input line 38.
)
LaTeX Font Info:    Try loading font information for T1+lmr on input line 21.

(/usr/local/texlive/2018/texmf-dist/tex/latex/lm/t1lmr.fd
File: t1lmr.fd 2009/10/30 v1.6 Font defs for Latin Modern
)
(/usr/local/texlive/2018/texmf-dist/tex/latex/amsfonts/amssymb.sty
Package: amssymb 2013/01/14 v3.01 AMS font symbols

(/usr/local/texlive/2018/texmf-dist/tex/latex/amsfonts/amsfonts.sty
Package: amsfonts 2013/01/14 v3.01 Basic AMSFonts support
\@emptytoks=\toks20
\symAMSa=\mathgroup4
\symAMSb=\mathgroup5
LaTeX Font Info:    Overwriting math alphabet `\mathfrak' in version `bold'
(Font)                  U/euf/m/n --> U/euf/b/n on input line 106.
))
(/usr/local/texlive/2018/texmf-dist/tex/latex/amsmath/amsmath.sty
Package: amsmath 2017/09/02 v2.17a AMS math features
\@mathmargin=\skip62

For additional information on amsmath, use the `?' option.
(/usr/local/texlive/2018/texmf-dist/tex/latex/amsmath/amstext.sty
Package: amstext 2000/06/29 v2.01 AMS text

(/usr/local/texlive/2018/texmf-dist/tex/latex/amsmath/amsgen.sty
File: amsgen.sty 1999/11/30 v2.0 generic functions
\@emptytoks=\toks21
\ex@=\dimen114
))
(/usr/local/texlive/2018/texmf-dist/tex/latex/amsmath/amsbsy.sty
Package: amsbsy 1999/11/29 v1.2d Bold Symbols
\pmbraise@=\dimen115
)
(/usr/local/texlive/2018/texmf-dist/tex/latex/amsmath/amsopn.sty
Package: amsopn 2016/03/08 v2.02 operator names
)
\inf@bad=\count103
LaTeX Info: Redefining \frac on input line 213.
\uproot@=\count104
\leftroot@=\count105
LaTeX Info: Redefining \overline on input line 375.
\classnum@=\count106
\DOTSCASE@=\count107
LaTeX Info: Redefining \ldots on input line 472.
LaTeX Info: Redefining \dots on input line 475.
LaTeX Info: Redefining \cdots on input line 596.
\Mathstrutbox@=\box26
\strutbox@=\box27
\big@size=\dimen116
LaTeX Font Info:    Redeclaring font encoding OML on input line 712.
LaTeX Font Info:    Redeclaring font encoding OMS on input line 713.
\macc@depth=\count108
\c@MaxMatrixCols=\count109
\dotsspace@=\muskip10
\c@parentequation=\count110
\dspbrk@lvl=\count111
\tag@help=\toks22
\row@=\count112
\column@=\count113
\maxfields@=\count114
\andhelp@=\toks23
\eqnshift@=\dimen117
\alignsep@=\dimen118
\tagshift@=\dimen119
\tagwidth@=\dimen120
\totwidth@=\dimen121
\lineht@=\dimen122
\@envbody=\toks24
\multlinegap=\skip63
\multlinetaggap=\skip64
\mathdisplay@stack=\toks25
LaTeX Info: Redefining \[ on input line 2817.
LaTeX Info: Redefining \] on input line 2818.
)
(/usr/local/texlive/2018/texmf-dist/tex/latex/amscls/amsthm.sty
Package: amsthm 2017/10/31 v2.20.4
\thm@style=\toks26
\thm@bodyfont=\toks27
\thm@headfont=\toks28
\thm@notefont=\toks29
\thm@headpunct=\toks30
\thm@preskip=\skip65
\thm@postskip=\skip66
\thm@headsep=\skip67
\dth@everypar=\toks31
)
(/usr/local/texlive/2018/texmf-dist/tex/latex/amsmath/amscd.sty
Package: amscd 2017/04/14 v2.1 AMS Commutative Diagrams
\athelp@=\toks32
\minaw@=\dimen123
\bigaw@=\dimen124
\minCDarrowwidth=\dimen125
)
(/usr/local/texlive/2018/texmf-dist/tex/latex/jknapltx/mathrsfs.sty
Package: mathrsfs 1996/01/01 Math RSFS package v1.0 (jk)
\symrsfs=\mathgroup6
)
(/usr/local/texlive/2018/texmf-dist/tex/latex/subfig/subfig.sty
Package: subfig 2005/06/28 ver: 1.3 subfig package

(/usr/local/texlive/2018/texmf-dist/tex/latex/caption/caption.sty
Package: caption 2016/02/21 v3.3-144 Customizing captions (AR)

(/usr/local/texlive/2018/texmf-dist/tex/latex/caption/caption3.sty
Package: caption3 2016/05/22 v1.7-166 caption3 kernel (AR)
Package caption3 Info: TeX engine: e-TeX on input line 67.
\captionmargin=\dimen126
\captionmargin@=\dimen127
\captionwidth=\dimen128
\caption@tempdima=\dimen129
\caption@indent=\dimen130
\caption@parindent=\dimen131
\caption@hangindent=\dimen132
)
\c@ContinuedFloat=\count115
)
\c@KVtest=\count116
\sf@farskip=\skip68
\sf@captopadj=\dimen133
\sf@capskip=\skip69
\sf@nearskip=\skip70
\c@subfigure=\count117
\c@subfigure@save=\count118
\c@lofdepth=\count119
\c@subtable=\count120
\c@subtable@save=\count121
\c@lotdepth=\count122
\sf@top=\skip71
\sf@bottom=\skip72
)
(/usr/local/texlive/2018/texmf-dist/tex/latex/tools/tabularx.sty
Package: tabularx 2016/02/03 v2.11b `tabularx' package (DPC)

(/usr/local/texlive/2018/texmf-dist/tex/latex/tools/array.sty
Package: array 2018/04/07 v2.4g Tabular extension package (FMi)
\col@sep=\dimen134
\ar@mcellbox=\box28
\extrarowheight=\dimen135
\NC@list=\toks33
\extratabsurround=\skip73
\backup@length=\skip74
\ar@cellbox=\box29
)
\TX@col@width=\dimen136
\TX@old@table=\dimen137
\TX@old@col=\dimen138
\TX@target=\dimen139
\TX@delta=\dimen140
\TX@cols=\count123
\TX@ftn=\toks34
)
(/usr/local/texlive/2018/texmf-dist/tex/latex/tools/calc.sty
Package: calc 2017/05/25 v4.3 Infix arithmetic (KKT,FJ)
\calc@Acount=\count124
\calc@Bcount=\count125
\calc@Adimen=\dimen141
\calc@Bdimen=\dimen142
\calc@Askip=\skip75
\calc@Bskip=\skip76
LaTeX Info: Redefining \setlength on input line 80.
LaTeX Info: Redefining \addtolength on input line 81.
\calc@Ccount=\count126
\calc@Cskip=\skip77
)
(/usr/local/texlive/2018/texmf-dist/tex/latex/graphics/graphicx.sty
Package: graphicx 2017/06/01 v1.1a Enhanced LaTeX Graphics (DPC,SPQR)

(/usr/local/texlive/2018/texmf-dist/tex/latex/graphics/graphics.sty
Package: graphics 2017/06/25 v1.2c Standard LaTeX Graphics (DPC,SPQR)

(/usr/local/texlive/2018/texmf-dist/tex/latex/graphics/trig.sty
Package: trig 2016/01/03 v1.10 sin cos tan (DPC)
)
(/usr/local/texlive/2018/texmf-dist/tex/latex/graphics-cfg/graphics.cfg
File: graphics.cfg 2016/06/04 v1.11 sample graphics configuration
)
Package graphics Info: Driver file: pdftex.def on input line 99.

(/usr/local/texlive/2018/texmf-dist/tex/latex/graphics-def/pdftex.def
File: pdftex.def 2018/01/08 v1.0l Graphics/color driver for pdftex
))
\Gin@req@height=\dimen143
\Gin@req@width=\dimen144
)
(/usr/local/texlive/2018/texmf-dist/tex/latex/hyperref/hyperref.sty
Package: hyperref 2018/02/06 v6.86b Hypertext links for LaTeX

(/usr/local/texlive/2018/texmf-dist/tex/generic/oberdiek/hobsub-hyperref.sty
Package: hobsub-hyperref 2016/05/16 v1.14 Bundle oberdiek, subset hyperref (HO)


(/usr/local/texlive/2018/texmf-dist/tex/generic/oberdiek/hobsub-generic.sty
Package: hobsub-generic 2016/05/16 v1.14 Bundle oberdiek, subset generic (HO)
Package: hobsub 2016/05/16 v1.14 Construct package bundles (HO)
Package: infwarerr 2016/05/16 v1.4 Providing info/warning/error messages (HO)
Package: ltxcmds 2016/05/16 v1.23 LaTeX kernel commands for general use (HO)
Package: ifluatex 2016/05/16 v1.4 Provides the ifluatex switch (HO)
Package ifluatex Info: LuaTeX not detected.
Package hobsub Info: Skipping package `ifvtex' (already loaded).
Package: intcalc 2016/05/16 v1.2 Expandable calculations with integers (HO)
Package hobsub Info: Skipping package `ifpdf' (already loaded).
Package: etexcmds 2016/05/16 v1.6 Avoid name clashes with e-TeX commands (HO)
Package etexcmds Info: Could not find \expanded.
(etexcmds)             That can mean that you are not using pdfTeX 1.50 or
(etexcmds)             that some package has redefined \expanded.
(etexcmds)             In the latter case, load this package earlier.
Package: kvsetkeys 2016/05/16 v1.17 Key value parser (HO)
Package: kvdefinekeys 2016/05/16 v1.4 Define keys (HO)
Package: pdftexcmds 2018/01/30 v0.27 Utility functions of pdfTeX for LuaTeX (HO
)
Package pdftexcmds Info: LuaTeX not detected.
Package pdftexcmds Info: \pdf@primitive is available.
Package pdftexcmds Info: \pdf@ifprimitive is available.
Package pdftexcmds Info: \pdfdraftmode found.
Package: pdfescape 2016/05/16 v1.14 Implements pdfTeX's escape features (HO)
Package: bigintcalc 2016/05/16 v1.4 Expandable calculations on big integers (HO
)
Package: bitset 2016/05/16 v1.2 Handle bit-vector datatype (HO)
Package: uniquecounter 2016/05/16 v1.3 Provide unlimited unique counter (HO)
)
Package hobsub Info: Skipping package `hobsub' (already loaded).
Package: letltxmacro 2016/05/16 v1.5 Let assignment for LaTeX macros (HO)
Package: hopatch 2016/05/16 v1.3 Wrapper for package hooks (HO)
Package: xcolor-patch 2016/05/16 xcolor patch
Package: atveryend 2016/05/16 v1.9 Hooks at the very end of document (HO)
Package atveryend Info: \enddocument detected (standard20110627).
Package: atbegshi 2016/06/09 v1.18 At begin shipout hook (HO)
Package: refcount 2016/05/16 v3.5 Data extraction from label references (HO)
Package: hycolor 2016/05/16 v1.8 Color options for hyperref/bookmark (HO)
)
(/usr/local/texlive/2018/texmf-dist/tex/latex/oberdiek/auxhook.sty
Package: auxhook 2016/05/16 v1.4 Hooks for auxiliary files (HO)
)
(/usr/local/texlive/2018/texmf-dist/tex/latex/oberdiek/kvoptions.sty
Package: kvoptions 2016/05/16 v3.12 Key value format for package options (HO)
)
\@linkdim=\dimen145
\Hy@linkcounter=\count127
\Hy@pagecounter=\count128

(/usr/local/texlive/2018/texmf-dist/tex/latex/hyperref/pd1enc.def
File: pd1enc.def 2018/02/06 v6.86b Hyperref: PDFDocEncoding definition (HO)
Now handling font encoding PD1 ...
... no UTF-8 mapping file for font encoding PD1
)
\Hy@SavedSpaceFactor=\count129

(/usr/local/texlive/2018/texmf-dist/tex/latex/latexconfig/hyperref.cfg
File: hyperref.cfg 2002/06/06 v1.2 hyperref configuration of TeXLive
)
Package hyperref Info: Hyper figures OFF on input line 4509.
Package hyperref Info: Link nesting OFF on input line 4514.
Package hyperref Info: Hyper index ON on input line 4517.
Package hyperref Info: Plain pages OFF on input line 4524.
Package hyperref Info: Backreferencing OFF on input line 4529.
Package hyperref Info: Implicit mode ON; LaTeX internals redefined.
Package hyperref Info: Bookmarks ON on input line 4762.
\c@Hy@tempcnt=\count130

(/usr/local/texlive/2018/texmf-dist/tex/latex/url/url.sty
\Urlmuskip=\muskip11
Package: url 2013/09/16  ver 3.4  Verb mode for urls, etc.
)
LaTeX Info: Redefining \url on input line 5115.
\XeTeXLinkMargin=\dimen146
\Fld@menulength=\count131
\Field@Width=\dimen147
\Fld@charsize=\dimen148
Package hyperref Info: Hyper figures OFF on input line 6369.
Package hyperref Info: Link nesting OFF on input line 6374.
Package hyperref Info: Hyper index ON on input line 6377.
Package hyperref Info: backreferencing OFF on input line 6384.
Package hyperref Info: Link coloring OFF on input line 6389.
Package hyperref Info: Link coloring with OCG OFF on input line 6394.
Package hyperref Info: PDF/A mode OFF on input line 6399.
LaTeX Info: Redefining \ref on input line 6439.
LaTeX Info: Redefining \pageref on input line 6443.
\Hy@abspage=\count132
\c@Item=\count133
\c@Hfootnote=\count134
)
Package hyperref Info: Driver (autodetected): hpdftex.

(/usr/local/texlive/2018/texmf-dist/tex/latex/hyperref/hpdftex.def
File: hpdftex.def 2018/02/06 v6.86b Hyperref driver for pdfTeX
\Fld@listcount=\count135
\c@bookmark@seq@number=\count136

(/usr/local/texlive/2018/texmf-dist/tex/latex/oberdiek/rerunfilecheck.sty
Package: rerunfilecheck 2016/05/16 v1.8 Rerun checks for auxiliary files (HO)
Package uniquecounter Info: New unique counter `rerunfilecheck' on input line 2
82.
)
\Hy@SectionHShift=\skip78
)
(/usr/local/texlive/2018/texmf-dist/tex/latex/tocbibind/tocbibind.sty
Package: tocbibind 2010/10/13 v1.5k extra ToC listings
Package tocbibind Info: The document has chapter divisions on input line 50.


Package tocbibind Note: Using chapter style headings, unless overridden.

) (/usr/local/texlive/2018/texmf-dist/tex/latex/minitoc/minitoc.sty
Package: minitoc 2015/07/13 v61 Package minitoc

(/usr/local/texlive/2018/texmf-dist/tex/latex/minitoc/mtcmess.sty
Package: mtcmess 2006/03/14
)
Package minitoc Info: I0001
(minitoc)             *** minitoc package, version 61 ***.
\tf@mtc=\write3
\mtcindent=\skip79
\mtcskipamount=\skip80
Package minitoc Info: I0005
(minitoc)             compatible with hyperref.
Package minitoc Info: I0023
(minitoc)             part level macros available.
Package minitoc Info: I0003
(minitoc)             chapter level macros available.
\mtc@toks=\toks35
\mtc@strutbox=\box30
\mtc@hstrutbox=\box31
Package minitoc Info: I0002
(minitoc)             Autoconfiguration of extensions.
\openout3 = `main.mtc0'.

\openout3 = `main.mtc'.

 (./main.mtc0)
Package minitoc Info: I0012
(minitoc)             Long extensions (Unix-like) will be used.
Package minitoc Info: I0031
(minitoc)             ==> this version is configured for UNIX-like 
(minitoc)                 (long extensions) file names.
\openout3 = `main.mtc'.

\openout3 = `main.mtc0'.

\c@mtc=\count137
\c@minitocdepth=\count138
\c@ptc=\count139
\c@parttocdepth=\count140
\ptcindent=\skip81
Package minitoc Info: I0010
(minitoc)             The english language is selected.
(minitoc)              on input line 4909.
 (/usr/local/texlive/2018/texmf-dist/tex/latex/minitoc/english.mld
File: english.mld 2006/01/13
)
(/usr/local/texlive/2018/texmf-dist/tex/latex/minitoc/english.mld
File: english.mld 2006/01/13
)
Package minitoc Info: I0010
(minitoc)             The french language is selected.
(minitoc)              on input line 4910.

(/usr/local/texlive/2018/texmf-dist/tex/latex/minitoc/french.mld
File: french.mld 2006/03/21
))
(/usr/local/texlive/2018/texmf-dist/tex/latex/base/makeidx.sty
Package: makeidx 2014/09/29 v1.0m Standard LaTeX package
)
(/usr/local/texlive/2018/texmf-dist/tex/latex/oberdiek/epstopdf.sty
Package: epstopdf 2016/05/15 v2.6 Conversion with epstopdf on the fly (HO)

(/usr/local/texlive/2018/texmf-dist/tex/latex/oberdiek/epstopdf-base.sty
Package: epstopdf-base 2016/05/15 v2.6 Base part for package epstopdf

(/usr/local/texlive/2018/texmf-dist/tex/latex/oberdiek/grfext.sty
Package: grfext 2016/05/16 v1.2 Manage graphics extensions (HO)
)
Package epstopdf-base Info: Redefining graphics rule for `.eps' on input line 4
38.
Package grfext Info: Graphics extension search list:
(grfext)             [.pdf,.png,.jpg,.mps,.jpeg,.jbig2,.jb2,.PDF,.PNG,.JPG,.JPE
G,.JBIG2,.JB2,.eps]
(grfext)             \AppendGraphicsExtensions on input line 456.

(/usr/local/texlive/2018/texmf-dist/tex/latex/latexconfig/epstopdf-sys.cfg
File: epstopdf-sys.cfg 2010/07/13 v1.3 Configuration of (r)epstopdf for TeX Liv
e
)))
\@indexfile=\write4
\openout4 = `main.idx'.


Writing index file main.idx
) (./macro.tex
(/usr/local/texlive/2018/texmf-dist/tex/latex/fancyhdr/fancyhdr.sty
Package: fancyhdr 2017/06/30 v3.9a Extensive control of page headers and footer
s
\f@nch@headwidth=\skip82
\f@nch@O@elh=\skip83
\f@nch@O@erh=\skip84
\f@nch@O@olh=\skip85
\f@nch@O@orh=\skip86
\f@nch@O@elf=\skip87
\f@nch@O@erf=\skip88
\f@nch@O@olf=\skip89
\f@nch@O@orf=\skip90
)

Package Fancyhdr Warning: \fancyhead's `E' option without twoside option is use
less on input line 22.


Package Fancyhdr Warning: \fancyhead's `E' option without twoside option is use
less on input line 24.

\c@theo=\count141
) (./math.tex)
(/usr/local/texlive/2018/texmf-dist/tex/latex/threeparttable/threeparttable.sty
Package: threeparttable 2003/06/13  v 3.0
\@tempboxb=\box32
) (/usr/local/texlive/2018/texmf-dist/tex/latex/tools/longtable.sty
Package: longtable 2014/10/28 v4.11 Multi-page Table package (DPC)
\LTleft=\skip91
\LTright=\skip92
\LTpre=\skip93
\LTpost=\skip94
\LTchunksize=\count142
\LTcapwidth=\dimen149
\LT@head=\box33
\LT@firsthead=\box34
\LT@foot=\box35
\LT@lastfoot=\box36
\LT@cols=\count143
\LT@rows=\count144
\c@LT@tables=\count145
\c@LT@chunks=\count146
\LT@p@ftn=\toks36
)
(/usr/local/texlive/2018/texmf-dist/tex/latex/pgf/frontendlayer/tikz.sty
(/usr/local/texlive/2018/texmf-dist/tex/latex/pgf/basiclayer/pgf.sty
(/usr/local/texlive/2018/texmf-dist/tex/latex/pgf/utilities/pgfrcs.sty
(/usr/local/texlive/2018/texmf-dist/tex/generic/pgf/utilities/pgfutil-common.te
x
\pgfutil@everybye=\toks37
\pgfutil@tempdima=\dimen150
\pgfutil@tempdimb=\dimen151

(/usr/local/texlive/2018/texmf-dist/tex/generic/pgf/utilities/pgfutil-common-li
sts.tex))
(/usr/local/texlive/2018/texmf-dist/tex/generic/pgf/utilities/pgfutil-latex.def
\pgfutil@abb=\box37
(/usr/local/texlive/2018/texmf-dist/tex/latex/ms/everyshi.sty
Package: everyshi 2001/05/15 v3.00 EveryShipout Package (MS)
))
(/usr/local/texlive/2018/texmf-dist/tex/generic/pgf/utilities/pgfrcs.code.tex
Package: pgfrcs 2015/08/07 v3.0.1a (rcs-revision 1.31)
))
Package: pgf 2015/08/07 v3.0.1a (rcs-revision 1.15)
(/usr/local/texlive/2018/texmf-dist/tex/latex/pgf/basiclayer/pgfcore.sty
(/usr/local/texlive/2018/texmf-dist/tex/latex/pgf/systemlayer/pgfsys.sty
(/usr/local/texlive/2018/texmf-dist/tex/generic/pgf/systemlayer/pgfsys.code.tex
Package: pgfsys 2014/07/09 v3.0.1a (rcs-revision 1.48)
(/usr/local/texlive/2018/texmf-dist/tex/generic/pgf/utilities/pgfkeys.code.tex
\pgfkeys@pathtoks=\toks38
\pgfkeys@temptoks=\toks39

(/usr/local/texlive/2018/texmf-dist/tex/generic/pgf/utilities/pgfkeysfiltered.c
ode.tex
\pgfkeys@tmptoks=\toks40
))
\pgf@x=\dimen152
\pgf@y=\dimen153
\pgf@xa=\dimen154
\pgf@ya=\dimen155
\pgf@xb=\dimen156
\pgf@yb=\dimen157
\pgf@xc=\dimen158
\pgf@yc=\dimen159
\w@pgf@writea=\write5
\r@pgf@reada=\read1
\c@pgf@counta=\count147
\c@pgf@countb=\count148
\c@pgf@countc=\count149
\c@pgf@countd=\count150
\t@pgf@toka=\toks41
\t@pgf@tokb=\toks42
\t@pgf@tokc=\toks43

(/usr/local/texlive/2018/texmf-dist/tex/generic/pgf/systemlayer/pgf.cfg
File: pgf.cfg 2008/05/14  (rcs-revision 1.7)
)
Driver file for pgf: pgfsys-pdftex.def

(/usr/local/texlive/2018/texmf-dist/tex/generic/pgf/systemlayer/pgfsys-pdftex.d
ef
File: pgfsys-pdftex.def 2014/10/11  (rcs-revision 1.35)

(/usr/local/texlive/2018/texmf-dist/tex/generic/pgf/systemlayer/pgfsys-common-p
df.def
File: pgfsys-common-pdf.def 2013/10/10  (rcs-revision 1.13)
)))
(/usr/local/texlive/2018/texmf-dist/tex/generic/pgf/systemlayer/pgfsyssoftpath.
code.tex
File: pgfsyssoftpath.code.tex 2013/09/09  (rcs-revision 1.9)
\pgfsyssoftpath@smallbuffer@items=\count151
\pgfsyssoftpath@bigbuffer@items=\count152
)
(/usr/local/texlive/2018/texmf-dist/tex/generic/pgf/systemlayer/pgfsysprotocol.
code.tex
File: pgfsysprotocol.code.tex 2006/10/16  (rcs-revision 1.4)
)) (/usr/local/texlive/2018/texmf-dist/tex/latex/xcolor/xcolor.sty
Package: xcolor 2016/05/11 v2.12 LaTeX color extensions (UK)

(/usr/local/texlive/2018/texmf-dist/tex/latex/graphics-cfg/color.cfg
File: color.cfg 2016/01/02 v1.6 sample color configuration
)
Package xcolor Info: Driver file: pdftex.def on input line 225.
Package xcolor Info: Model `cmy' substituted by `cmy0' on input line 1348.
Package xcolor Info: Model `hsb' substituted by `rgb' on input line 1352.
Package xcolor Info: Model `RGB' extended on input line 1364.
Package xcolor Info: Model `HTML' substituted by `rgb' on input line 1366.
Package xcolor Info: Model `Hsb' substituted by `hsb' on input line 1367.
Package xcolor Info: Model `tHsb' substituted by `hsb' on input line 1368.
Package xcolor Info: Model `HSB' substituted by `hsb' on input line 1369.
Package xcolor Info: Model `Gray' substituted by `gray' on input line 1370.
Package xcolor Info: Model `wave' substituted by `hsb' on input line 1371.
)
(/usr/local/texlive/2018/texmf-dist/tex/generic/pgf/basiclayer/pgfcore.code.tex
Package: pgfcore 2010/04/11 v3.0.1a (rcs-revision 1.7)
(/usr/local/texlive/2018/texmf-dist/tex/generic/pgf/math/pgfmath.code.tex
(/usr/local/texlive/2018/texmf-dist/tex/generic/pgf/math/pgfmathcalc.code.tex
(/usr/local/texlive/2018/texmf-dist/tex/generic/pgf/math/pgfmathutil.code.tex)
(/usr/local/texlive/2018/texmf-dist/tex/generic/pgf/math/pgfmathparser.code.tex
\pgfmath@dimen=\dimen160
\pgfmath@count=\count153
\pgfmath@box=\box38
\pgfmath@toks=\toks44
\pgfmath@stack@operand=\toks45
\pgfmath@stack@operation=\toks46
)
(/usr/local/texlive/2018/texmf-dist/tex/generic/pgf/math/pgfmathfunctions.code.
tex
(/usr/local/texlive/2018/texmf-dist/tex/generic/pgf/math/pgfmathfunctions.basic
.code.tex)
(/usr/local/texlive/2018/texmf-dist/tex/generic/pgf/math/pgfmathfunctions.trigo
nometric.code.tex)
(/usr/local/texlive/2018/texmf-dist/tex/generic/pgf/math/pgfmathfunctions.rando
m.code.tex)
(/usr/local/texlive/2018/texmf-dist/tex/generic/pgf/math/pgfmathfunctions.compa
rison.code.tex)
(/usr/local/texlive/2018/texmf-dist/tex/generic/pgf/math/pgfmathfunctions.base.
code.tex)
(/usr/local/texlive/2018/texmf-dist/tex/generic/pgf/math/pgfmathfunctions.round
.code.tex)
(/usr/local/texlive/2018/texmf-dist/tex/generic/pgf/math/pgfmathfunctions.misc.
code.tex)
(/usr/local/texlive/2018/texmf-dist/tex/generic/pgf/math/pgfmathfunctions.integ
erarithmetics.code.tex)))
(/usr/local/texlive/2018/texmf-dist/tex/generic/pgf/math/pgfmathfloat.code.tex
\c@pgfmathroundto@lastzeros=\count154
))
(/usr/local/texlive/2018/texmf-dist/tex/generic/pgf/basiclayer/pgfcorepoints.co
de.tex
File: pgfcorepoints.code.tex 2013/10/07  (rcs-revision 1.27)
\pgf@picminx=\dimen161
\pgf@picmaxx=\dimen162
\pgf@picminy=\dimen163
\pgf@picmaxy=\dimen164
\pgf@pathminx=\dimen165
\pgf@pathmaxx=\dimen166
\pgf@pathminy=\dimen167
\pgf@pathmaxy=\dimen168
\pgf@xx=\dimen169
\pgf@xy=\dimen170
\pgf@yx=\dimen171
\pgf@yy=\dimen172
\pgf@zx=\dimen173
\pgf@zy=\dimen174
)
(/usr/local/texlive/2018/texmf-dist/tex/generic/pgf/basiclayer/pgfcorepathconst
ruct.code.tex
File: pgfcorepathconstruct.code.tex 2013/10/07  (rcs-revision 1.29)
\pgf@path@lastx=\dimen175
\pgf@path@lasty=\dimen176
)
(/usr/local/texlive/2018/texmf-dist/tex/generic/pgf/basiclayer/pgfcorepathusage
.code.tex
File: pgfcorepathusage.code.tex 2014/11/02  (rcs-revision 1.24)
\pgf@shorten@end@additional=\dimen177
\pgf@shorten@start@additional=\dimen178
)
(/usr/local/texlive/2018/texmf-dist/tex/generic/pgf/basiclayer/pgfcorescopes.co
de.tex
File: pgfcorescopes.code.tex 2015/05/08  (rcs-revision 1.46)
\pgfpic=\box39
\pgf@hbox=\box40
\pgf@layerbox@main=\box41
\pgf@picture@serial@count=\count155
)
(/usr/local/texlive/2018/texmf-dist/tex/generic/pgf/basiclayer/pgfcoregraphicst
ate.code.tex
File: pgfcoregraphicstate.code.tex 2014/11/02  (rcs-revision 1.12)
\pgflinewidth=\dimen179
)
(/usr/local/texlive/2018/texmf-dist/tex/generic/pgf/basiclayer/pgfcoretransform
ations.code.tex
File: pgfcoretransformations.code.tex 2015/08/07  (rcs-revision 1.20)
\pgf@pt@x=\dimen180
\pgf@pt@y=\dimen181
\pgf@pt@temp=\dimen182
)
(/usr/local/texlive/2018/texmf-dist/tex/generic/pgf/basiclayer/pgfcorequick.cod
e.tex
File: pgfcorequick.code.tex 2008/10/09  (rcs-revision 1.3)
)
(/usr/local/texlive/2018/texmf-dist/tex/generic/pgf/basiclayer/pgfcoreobjects.c
ode.tex
File: pgfcoreobjects.code.tex 2006/10/11  (rcs-revision 1.2)
)
(/usr/local/texlive/2018/texmf-dist/tex/generic/pgf/basiclayer/pgfcorepathproce
ssing.code.tex
File: pgfcorepathprocessing.code.tex 2013/09/09  (rcs-revision 1.9)
)
(/usr/local/texlive/2018/texmf-dist/tex/generic/pgf/basiclayer/pgfcorearrows.co
de.tex
File: pgfcorearrows.code.tex 2015/05/14  (rcs-revision 1.43)
\pgfarrowsep=\dimen183
)
(/usr/local/texlive/2018/texmf-dist/tex/generic/pgf/basiclayer/pgfcoreshade.cod
e.tex
File: pgfcoreshade.code.tex 2013/07/15  (rcs-revision 1.15)
\pgf@max=\dimen184
\pgf@sys@shading@range@num=\count156
)
(/usr/local/texlive/2018/texmf-dist/tex/generic/pgf/basiclayer/pgfcoreimage.cod
e.tex
File: pgfcoreimage.code.tex 2013/07/15  (rcs-revision 1.18)

(/usr/local/texlive/2018/texmf-dist/tex/generic/pgf/basiclayer/pgfcoreexternal.
code.tex
File: pgfcoreexternal.code.tex 2014/07/09  (rcs-revision 1.21)
\pgfexternal@startupbox=\box42
))
(/usr/local/texlive/2018/texmf-dist/tex/generic/pgf/basiclayer/pgfcorelayers.co
de.tex
File: pgfcorelayers.code.tex 2013/07/18  (rcs-revision 1.7)
)
(/usr/local/texlive/2018/texmf-dist/tex/generic/pgf/basiclayer/pgfcoretranspare
ncy.code.tex
File: pgfcoretransparency.code.tex 2013/09/30  (rcs-revision 1.5)
)
(/usr/local/texlive/2018/texmf-dist/tex/generic/pgf/basiclayer/pgfcorepatterns.
code.tex
File: pgfcorepatterns.code.tex 2013/11/07  (rcs-revision 1.5)
)))
(/usr/local/texlive/2018/texmf-dist/tex/generic/pgf/modules/pgfmoduleshapes.cod
e.tex
File: pgfmoduleshapes.code.tex 2014/03/21  (rcs-revision 1.35)
\pgfnodeparttextbox=\box43
)
(/usr/local/texlive/2018/texmf-dist/tex/generic/pgf/modules/pgfmoduleplot.code.
tex
File: pgfmoduleplot.code.tex 2015/08/03  (rcs-revision 1.13)
)
(/usr/local/texlive/2018/texmf-dist/tex/latex/pgf/compatibility/pgfcomp-version
-0-65.sty
Package: pgfcomp-version-0-65 2007/07/03 v3.0.1a (rcs-revision 1.7)
\pgf@nodesepstart=\dimen185
\pgf@nodesepend=\dimen186
)
(/usr/local/texlive/2018/texmf-dist/tex/latex/pgf/compatibility/pgfcomp-version
-1-18.sty
Package: pgfcomp-version-1-18 2007/07/23 v3.0.1a (rcs-revision 1.1)
))
(/usr/local/texlive/2018/texmf-dist/tex/latex/pgf/utilities/pgffor.sty
(/usr/local/texlive/2018/texmf-dist/tex/latex/pgf/utilities/pgfkeys.sty
(/usr/local/texlive/2018/texmf-dist/tex/generic/pgf/utilities/pgfkeys.code.tex)
) (/usr/local/texlive/2018/texmf-dist/tex/latex/pgf/math/pgfmath.sty
(/usr/local/texlive/2018/texmf-dist/tex/generic/pgf/math/pgfmath.code.tex))
(/usr/local/texlive/2018/texmf-dist/tex/generic/pgf/utilities/pgffor.code.tex
Package: pgffor 2013/12/13 v3.0.1a (rcs-revision 1.25)

(/usr/local/texlive/2018/texmf-dist/tex/generic/pgf/math/pgfmath.code.tex)
\pgffor@iter=\dimen187
\pgffor@skip=\dimen188
\pgffor@stack=\toks47
\pgffor@toks=\toks48
))
(/usr/local/texlive/2018/texmf-dist/tex/generic/pgf/frontendlayer/tikz/tikz.cod
e.tex
Package: tikz 2015/08/07 v3.0.1a (rcs-revision 1.151)

(/usr/local/texlive/2018/texmf-dist/tex/generic/pgf/libraries/pgflibraryplothan
dlers.code.tex
File: pgflibraryplothandlers.code.tex 2013/08/31 v3.0.1a (rcs-revision 1.20)
\pgf@plot@mark@count=\count157
\pgfplotmarksize=\dimen189
)
\tikz@lastx=\dimen190
\tikz@lasty=\dimen191
\tikz@lastxsaved=\dimen192
\tikz@lastysaved=\dimen193
\tikzleveldistance=\dimen194
\tikzsiblingdistance=\dimen195
\tikz@figbox=\box44
\tikz@figbox@bg=\box45
\tikz@tempbox=\box46
\tikz@tempbox@bg=\box47
\tikztreelevel=\count158
\tikznumberofchildren=\count159
\tikznumberofcurrentchild=\count160
\tikz@fig@count=\count161

(/usr/local/texlive/2018/texmf-dist/tex/generic/pgf/modules/pgfmodulematrix.cod
e.tex
File: pgfmodulematrix.code.tex 2013/09/17  (rcs-revision 1.8)
\pgfmatrixcurrentrow=\count162
\pgfmatrixcurrentcolumn=\count163
\pgf@matrix@numberofcolumns=\count164
)
\tikz@expandcount=\count165

(/usr/local/texlive/2018/texmf-dist/tex/generic/pgf/frontendlayer/tikz/librarie
s/tikzlibrarytopaths.code.tex
File: tikzlibrarytopaths.code.tex 2008/06/17 v3.0.1a (rcs-revision 1.2)
)))
(/usr/local/texlive/2018/texmf-dist/tex/latex/multirow/multirow.sty
Package: multirow 2016/11/25 v2.2 Span multiple rows of a table
\multirow@colwidth=\skip95
\multirow@cntb=\count166
\multirow@dima=\skip96
\bigstrutjot=\dimen196
)
(/usr/local/texlive/2018/texmf-dist/tex/generic/pgf/frontendlayer/tikz/librarie
s/tikzlibraryarrows.code.tex
File: tikzlibraryarrows.code.tex 2008/01/09 v3.0.1a (rcs-revision 1.1)

(/usr/local/texlive/2018/texmf-dist/tex/generic/pgf/libraries/pgflibraryarrows.
code.tex
File: pgflibraryarrows.code.tex 2013/09/23 v3.0.1a (rcs-revision 1.16)
\arrowsize=\dimen197
))
(/usr/local/texlive/2018/texmf-dist/tex/generic/pgf/frontendlayer/tikz/librarie
s/tikzlibraryautomata.code.tex
File: tikzlibraryautomata.code.tex 2008/07/14 v3.0.1a (rcs-revision 1.3)

(/usr/local/texlive/2018/texmf-dist/tex/generic/pgf/frontendlayer/tikz/librarie
s/tikzlibraryshapes.multipart.code.tex
File: tikzlibraryshapes.multipart.code.tex 2008/01/09 v3.0.1a (rcs-revision 1.1
)

(/usr/local/texlive/2018/texmf-dist/tex/generic/pgf/libraries/shapes/pgflibrary
shapes.multipart.code.tex
File: pgflibraryshapes.multipart.code.tex 2010/01/07 v3.0.1a (rcs-revision 1.2)

\pgfnodepartlowerbox=\box48
\pgfnodeparttwobox=\box49
\pgfnodepartthreebox=\box50
\pgfnodepartfourbox=\box51
\pgfnodeparttwentybox=\box52
\pgfnodepartnineteenbox=\box53
\pgfnodeparteighteenbox=\box54
\pgfnodepartseventeenbox=\box55
\pgfnodepartsixteenbox=\box56
\pgfnodepartfifteenbox=\box57
\pgfnodepartfourteenbox=\box58
\pgfnodepartthirteenbox=\box59
\pgfnodeparttwelvebox=\box60
\pgfnodepartelevenbox=\box61
\pgfnodeparttenbox=\box62
\pgfnodepartninebox=\box63
\pgfnodeparteightbox=\box64
\pgfnodepartsevenbox=\box65
\pgfnodepartsixbox=\box66
\pgfnodepartfivebox=\box67
)))
(/usr/local/texlive/2018/texmf-dist/tex/generic/pgf/frontendlayer/tikz/librarie
s/tikzlibrarypositioning.code.tex
File: tikzlibrarypositioning.code.tex 2008/10/06 v3.0.1a (rcs-revision 1.7)
)
(/usr/local/texlive/2018/texmf-dist/tex/generic/pgf/frontendlayer/tikz/librarie
s/tikzlibraryshapes.code.tex
File: tikzlibraryshapes.code.tex 2008/01/09 v3.0.1a (rcs-revision 1.1)

(/usr/local/texlive/2018/texmf-dist/tex/generic/pgf/frontendlayer/tikz/librarie
s/tikzlibraryshapes.geometric.code.tex
File: tikzlibraryshapes.geometric.code.tex 2008/01/09 v3.0.1a (rcs-revision 1.1
)

(/usr/local/texlive/2018/texmf-dist/tex/generic/pgf/libraries/shapes/pgflibrary
shapes.geometric.code.tex
File: pgflibraryshapes.geometric.code.tex 2008/06/26 v3.0.1a (rcs-revision 1.1)

))
(/usr/local/texlive/2018/texmf-dist/tex/generic/pgf/frontendlayer/tikz/librarie
s/tikzlibraryshapes.misc.code.tex
File: tikzlibraryshapes.misc.code.tex 2008/01/09 v3.0.1a (rcs-revision 1.1)

(/usr/local/texlive/2018/texmf-dist/tex/generic/pgf/libraries/shapes/pgflibrary
shapes.misc.code.tex
File: pgflibraryshapes.misc.code.tex 2013/07/18 v3.0.1a (rcs-revision 1.5)
))
(/usr/local/texlive/2018/texmf-dist/tex/generic/pgf/frontendlayer/tikz/librarie
s/tikzlibraryshapes.symbols.code.tex
File: tikzlibraryshapes.symbols.code.tex 2008/01/09 v3.0.1a (rcs-revision 1.1)

(/usr/local/texlive/2018/texmf-dist/tex/generic/pgf/libraries/shapes/pgflibrary
shapes.symbols.code.tex
File: pgflibraryshapes.symbols.code.tex 2013/09/11 v3.0.1a (rcs-revision 1.6)
))
(/usr/local/texlive/2018/texmf-dist/tex/generic/pgf/frontendlayer/tikz/librarie
s/tikzlibraryshapes.arrows.code.tex
File: tikzlibraryshapes.arrows.code.tex 2008/01/09 v3.0.1a (rcs-revision 1.1)

(/usr/local/texlive/2018/texmf-dist/tex/generic/pgf/libraries/shapes/pgflibrary
shapes.arrows.code.tex
File: pgflibraryshapes.arrows.code.tex 2008/06/26 v3.0.1a (rcs-revision 1.1)
))
(/usr/local/texlive/2018/texmf-dist/tex/generic/pgf/frontendlayer/tikz/librarie
s/tikzlibraryshapes.callouts.code.tex
(/usr/local/texlive/2018/texmf-dist/tex/generic/pgf/libraries/shapes/pgflibrary
shapes.callouts.code.tex)))
(/usr/local/texlive/2018/texmf-dist/tex/latex/algorithm2e/algorithm2e.sty
Package: algorithm2e 2017/07/18 v5.2 algorithms environments
\c@AlgoLine=\count167

(/usr/local/texlive/2018/texmf-dist/tex/latex/base/ifthen.sty
Package: ifthen 2014/09/29 v1.1c Standard LaTeX ifthen package (DPC)
)
\algocf@hangindent=\skip97

(/usr/local/texlive/2018/texmf-dist/tex/latex/ifoddpage/ifoddpage.sty
Package: ifoddpage 2016/04/23 v1.1 Conditionals for odd/even page detection
\c@checkoddpage=\count168
)
(/usr/local/texlive/2018/texmf-dist/tex/latex/tools/xspace.sty
Package: xspace 2014/10/28 v1.13 Space after command names (DPC,MH)
)
(/usr/local/texlive/2018/texmf-dist/tex/latex/relsize/relsize.sty
Package: relsize 2013/03/29 ver 4.1
)
\skiptotal=\skip98
\skiplinenumber=\skip99
\skiprule=\skip100
\skiphlne=\skip101
\skiptext=\skip102
\skiplength=\skip103
\algomargin=\skip104
\skipalgocfslide=\skip105
\algowidth=\dimen198
\inoutsize=\dimen199
\inoutindent=\dimen256
\interspacetitleruled=\dimen257
\interspacealgoruled=\dimen258
\interspacetitleboxruled=\dimen259
\algocf@ruledwidth=\skip106
\algocf@inoutbox=\box68
\algocf@inputbox=\box69
\AlCapSkip=\skip107
\AlCapHSkip=\skip108
\algoskipindent=\skip109
\algocf@nlbox=\box70
\algocf@hangingbox=\box71
\algocf@untilbox=\box72
\algocf@skipuntil=\skip110
\algocf@capbox=\box73
\algocf@lcaptionbox=\skip111
\algoheightruledefault=\skip112
\algoheightrule=\skip113
\algotitleheightruledefault=\skip114
\algotitleheightrule=\skip115
\c@algocfline=\count169
\c@algocfproc=\count170
\c@algocf=\count171
\algocf@algoframe=\box74
\algocf@algobox=\box75
)
(/usr/local/texlive/2018/texmf-dist/tex/latex/listings/listings.sty
\lst@mode=\count172
\lst@gtempboxa=\box76
\lst@token=\toks49
\lst@length=\count173
\lst@currlwidth=\dimen260
\lst@column=\count174
\lst@pos=\count175
\lst@lostspace=\dimen261
\lst@width=\dimen262
\lst@newlines=\count176
\lst@lineno=\count177
\lst@maxwidth=\dimen263

(/usr/local/texlive/2018/texmf-dist/tex/latex/listings/lstmisc.sty
File: lstmisc.sty 2015/06/04 1.6 (Carsten Heinz)
\c@lstnumber=\count178
\lst@skipnumbers=\count179
\lst@framebox=\box77
)
(/usr/local/texlive/2018/texmf-dist/tex/latex/listings/listings.cfg
File: listings.cfg 2015/06/04 1.6 listings configuration
))
Package: listings 2015/06/04 1.6 (Carsten Heinz)

(/usr/local/texlive/2018/texmf-dist/tex/latex/base/textcomp.sty
Package: textcomp 2017/04/05 v2.0i Standard LaTeX package
Package textcomp Info: Sub-encoding information:
(textcomp)               5 = only ISO-Adobe without \textcurrency
(textcomp)               4 = 5 + \texteuro
(textcomp)               3 = 4 + \textohm
(textcomp)               2 = 3 + \textestimated + \textcurrency
(textcomp)               1 = TS1 - \textcircled - \t
(textcomp)               0 = TS1 (full)
(textcomp)             Font families with sub-encoding setting implement
(textcomp)             only a restricted character set as indicated.
(textcomp)             Family '?' is the default used for unknown fonts.
(textcomp)             See the documentation for details.
Package textcomp Info: Setting ? sub-encoding to TS1/1 on input line 79.

(/usr/local/texlive/2018/texmf-dist/tex/latex/base/ts1enc.def
File: ts1enc.def 2001/06/05 v3.0e (jk/car/fm) Standard LaTeX file
Now handling font encoding TS1 ...
... processing UTF-8 mapping file for font encoding TS1

(/usr/local/texlive/2018/texmf-dist/tex/latex/base/ts1enc.dfu
File: ts1enc.dfu 2018/04/05 v1.2c UTF-8 support for inputenc
   defining Unicode char U+00A2 (decimal 162)
   defining Unicode char U+00A3 (decimal 163)
   defining Unicode char U+00A4 (decimal 164)
   defining Unicode char U+00A5 (decimal 165)
   defining Unicode char U+00A6 (decimal 166)
   defining Unicode char U+00A7 (decimal 167)
   defining Unicode char U+00A8 (decimal 168)
   defining Unicode char U+00A9 (decimal 169)
   defining Unicode char U+00AA (decimal 170)
   defining Unicode char U+00AC (decimal 172)
   defining Unicode char U+00AE (decimal 174)
   defining Unicode char U+00AF (decimal 175)
   defining Unicode char U+00B0 (decimal 176)
   defining Unicode char U+00B1 (decimal 177)
   defining Unicode char U+00B2 (decimal 178)
   defining Unicode char U+00B3 (decimal 179)
   defining Unicode char U+00B4 (decimal 180)
   defining Unicode char U+00B5 (decimal 181)
   defining Unicode char U+00B6 (decimal 182)
   defining Unicode char U+00B7 (decimal 183)
   defining Unicode char U+00B9 (decimal 185)
   defining Unicode char U+00BA (decimal 186)
   defining Unicode char U+00BC (decimal 188)
   defining Unicode char U+00BD (decimal 189)
   defining Unicode char U+00BE (decimal 190)
   defining Unicode char U+00D7 (decimal 215)
   defining Unicode char U+00F7 (decimal 247)
   defining Unicode char U+0192 (decimal 402)
   defining Unicode char U+02C7 (decimal 711)
   defining Unicode char U+02D8 (decimal 728)
   defining Unicode char U+02DD (decimal 733)
   defining Unicode char U+0E3F (decimal 3647)
   defining Unicode char U+2016 (decimal 8214)
   defining Unicode char U+2020 (decimal 8224)
   defining Unicode char U+2021 (decimal 8225)
   defining Unicode char U+2022 (decimal 8226)
   defining Unicode char U+2030 (decimal 8240)
   defining Unicode char U+2031 (decimal 8241)
   defining Unicode char U+203B (decimal 8251)
   defining Unicode char U+203D (decimal 8253)
   defining Unicode char U+2044 (decimal 8260)
   defining Unicode char U+204E (decimal 8270)
   defining Unicode char U+2052 (decimal 8274)
   defining Unicode char U+20A1 (decimal 8353)
   defining Unicode char U+20A4 (decimal 8356)
   defining Unicode char U+20A6 (decimal 8358)
   defining Unicode char U+20A9 (decimal 8361)
   defining Unicode char U+20AB (decimal 8363)
   defining Unicode char U+20AC (decimal 8364)
   defining Unicode char U+20B1 (decimal 8369)
   defining Unicode char U+2103 (decimal 8451)
   defining Unicode char U+2116 (decimal 8470)
   defining Unicode char U+2117 (decimal 8471)
   defining Unicode char U+211E (decimal 8478)
   defining Unicode char U+2120 (decimal 8480)
   defining Unicode char U+2122 (decimal 8482)
   defining Unicode char U+2126 (decimal 8486)
   defining Unicode char U+2127 (decimal 8487)
   defining Unicode char U+212E (decimal 8494)
   defining Unicode char U+2190 (decimal 8592)
   defining Unicode char U+2191 (decimal 8593)
   defining Unicode char U+2192 (decimal 8594)
   defining Unicode char U+2193 (decimal 8595)
   defining Unicode char U+2329 (decimal 9001)
   defining Unicode char U+232A (decimal 9002)
   defining Unicode char U+2422 (decimal 9250)
   defining Unicode char U+25E6 (decimal 9702)
   defining Unicode char U+25EF (decimal 9711)
   defining Unicode char U+266A (decimal 9834)
   defining Unicode char U+FEFF (decimal 65279)
))
LaTeX Info: Redefining \oldstylenums on input line 334.
Package textcomp Info: Setting cmr sub-encoding to TS1/0 on input line 349.
Package textcomp Info: Setting cmss sub-encoding to TS1/0 on input line 350.
Package textcomp Info: Setting cmtt sub-encoding to TS1/0 on input line 351.
Package textcomp Info: Setting cmvtt sub-encoding to TS1/0 on input line 352.
Package textcomp Info: Setting cmbr sub-encoding to TS1/0 on input line 353.
Package textcomp Info: Setting cmtl sub-encoding to TS1/0 on input line 354.
Package textcomp Info: Setting ccr sub-encoding to TS1/0 on input line 355.
Package textcomp Info: Setting ptm sub-encoding to TS1/4 on input line 356.
Package textcomp Info: Setting pcr sub-encoding to TS1/4 on input line 357.
Package textcomp Info: Setting phv sub-encoding to TS1/4 on input line 358.
Package textcomp Info: Setting ppl sub-encoding to TS1/3 on input line 359.
Package textcomp Info: Setting pag sub-encoding to TS1/4 on input line 360.
Package textcomp Info: Setting pbk sub-encoding to TS1/4 on input line 361.
Package textcomp Info: Setting pnc sub-encoding to TS1/4 on input line 362.
Package textcomp Info: Setting pzc sub-encoding to TS1/4 on input line 363.
Package textcomp Info: Setting bch sub-encoding to TS1/4 on input line 364.
Package textcomp Info: Setting put sub-encoding to TS1/5 on input line 365.
Package textcomp Info: Setting uag sub-encoding to TS1/5 on input line 366.
Package textcomp Info: Setting ugq sub-encoding to TS1/5 on input line 367.
Package textcomp Info: Setting ul8 sub-encoding to TS1/4 on input line 368.
Package textcomp Info: Setting ul9 sub-encoding to TS1/4 on input line 369.
Package textcomp Info: Setting augie sub-encoding to TS1/5 on input line 370.
Package textcomp Info: Setting dayrom sub-encoding to TS1/3 on input line 371.
Package textcomp Info: Setting dayroms sub-encoding to TS1/3 on input line 372.

Package textcomp Info: Setting pxr sub-encoding to TS1/0 on input line 373.
Package textcomp Info: Setting pxss sub-encoding to TS1/0 on input line 374.
Package textcomp Info: Setting pxtt sub-encoding to TS1/0 on input line 375.
Package textcomp Info: Setting txr sub-encoding to TS1/0 on input line 376.
Package textcomp Info: Setting txss sub-encoding to TS1/0 on input line 377.
Package textcomp Info: Setting txtt sub-encoding to TS1/0 on input line 378.
Package textcomp Info: Setting lmr sub-encoding to TS1/0 on input line 379.
Package textcomp Info: Setting lmdh sub-encoding to TS1/0 on input line 380.
Package textcomp Info: Setting lmss sub-encoding to TS1/0 on input line 381.
Package textcomp Info: Setting lmssq sub-encoding to TS1/0 on input line 382.
Package textcomp Info: Setting lmvtt sub-encoding to TS1/0 on input line 383.
Package textcomp Info: Setting lmtt sub-encoding to TS1/0 on input line 384.
Package textcomp Info: Setting qhv sub-encoding to TS1/0 on input line 385.
Package textcomp Info: Setting qag sub-encoding to TS1/0 on input line 386.
Package textcomp Info: Setting qbk sub-encoding to TS1/0 on input line 387.
Package textcomp Info: Setting qcr sub-encoding to TS1/0 on input line 388.
Package textcomp Info: Setting qcs sub-encoding to TS1/0 on input line 389.
Package textcomp Info: Setting qpl sub-encoding to TS1/0 on input line 390.
Package textcomp Info: Setting qtm sub-encoding to TS1/0 on input line 391.
Package textcomp Info: Setting qzc sub-encoding to TS1/0 on input line 392.
Package textcomp Info: Setting qhvc sub-encoding to TS1/0 on input line 393.
Package textcomp Info: Setting futs sub-encoding to TS1/4 on input line 394.
Package textcomp Info: Setting futx sub-encoding to TS1/4 on input line 395.
Package textcomp Info: Setting futj sub-encoding to TS1/4 on input line 396.
Package textcomp Info: Setting hlh sub-encoding to TS1/3 on input line 397.
Package textcomp Info: Setting hls sub-encoding to TS1/3 on input line 398.
Package textcomp Info: Setting hlst sub-encoding to TS1/3 on input line 399.
Package textcomp Info: Setting hlct sub-encoding to TS1/5 on input line 400.
Package textcomp Info: Setting hlx sub-encoding to TS1/5 on input line 401.
Package textcomp Info: Setting hlce sub-encoding to TS1/5 on input line 402.
Package textcomp Info: Setting hlcn sub-encoding to TS1/5 on input line 403.
Package textcomp Info: Setting hlcw sub-encoding to TS1/5 on input line 404.
Package textcomp Info: Setting hlcf sub-encoding to TS1/5 on input line 405.
Package textcomp Info: Setting pplx sub-encoding to TS1/3 on input line 406.
Package textcomp Info: Setting pplj sub-encoding to TS1/3 on input line 407.
Package textcomp Info: Setting ptmx sub-encoding to TS1/4 on input line 408.
Package textcomp Info: Setting ptmj sub-encoding to TS1/4 on input line 409.
)
(/usr/local/texlive/2018/texmf-dist/tex/latex/mdwtools/mdwtab.sty
Package: mdwtab 1998/04/28 1.9 Table typesetting with style
\tab@state=\count180
\tab@columns=\count181
\tab@preamble=\toks50
\tab@shortline=\toks51
\extrarowheight=\dimen264
\tabextrasep=\dimen265
\arrayextrasep=\dimen266
\smarraycolsep=\dimen267
\smarrayextrasep=\dimen268
\tab@width=\dimen269
\col@sep=\dimen270
\tab@endheight=\dimen271
\tab@leftskip=\skip116
\tab@rightskip=\skip117
\fn@notes=\box78
\fn@width=\dimen272
)
(/usr/local/texlive/2018/texmf-dist/tex/latex/mdwtools/syntax.sty
Package: syntax 1996/05/17 1.07 Syntax typesetting (MDW)
\grammarparsep=\skip118
\grammarindent=\dimen273
\sdstartspace=\skip119
\sdendspace=\skip120
\sdmidskip=\skip121
\sdtokskip=\skip122
\sdfinalskip=\skip123
\sdrulewidth=\dimen274
\sdcirclediam=\dimen275
\sdindent=\dimen276
)
(/usr/local/texlive/2018/texmf-dist/tex/generic/ulem/ulem.sty
\UL@box=\box79
\UL@hyphenbox=\box80
\UL@skip=\skip124
\UL@hook=\toks52
\UL@height=\dimen277
\UL@pe=\count182
\UL@pixel=\dimen278
\ULC@box=\box81
Package: ulem 2012/05/18
\ULdepth=\dimen279
)
(/usr/local/texlive/2018/texmf-dist/tex/latex/mwe/mwe.sty
Package: mwe 2018/03/30 v0.5 Package to support minimal working examples (MWE)

(/usr/local/texlive/2018/texmf-dist/tex/latex/blindtext/blindtext.sty
Package: blindtext 2012/01/06 V2.0 blindtext-Package
\c@blindtext=\count183
\c@Blindtext=\count184
\c@blind@countparstart=\count185
\blind@countxx=\count186
\blindtext@numBlindtext=\count187
\blind@countyy=\count188
\c@blindlist=\count189
\c@blindlistlevel=\count190
\c@blindlist@level=\count191
\blind@listitem=\count192
\c@blind@listcount=\count193
\c@blind@levelcount=\count194
\blind@mathformula=\count195
\blind@Mathformula=\count196
\c@blind@randomcount=\count197
\c@blind@randommax=\count198
\c@blind@pangramcount=\count199
\c@blind@pangrammax=\count266
))
(./main.aux (./titre.aux) (./remerciement.aux) (./resume.aux) (./chap1.aux)
(./chap2.aux) (./chap3.aux) (./chap4.aux) (./chap5.aux) (./chap6.aux)
(./conclusion.aux) (./annexe.aux))
\openout1 = `main.aux'.

LaTeX Font Info:    Checking defaults for OML/cmm/m/it on input line 91.
LaTeX Font Info:    ... okay on input line 91.
LaTeX Font Info:    Checking defaults for T1/cmr/m/n on input line 91.
LaTeX Font Info:    ... okay on input line 91.
LaTeX Font Info:    Checking defaults for OT1/cmr/m/n on input line 91.
LaTeX Font Info:    ... okay on input line 91.
LaTeX Font Info:    Checking defaults for OMS/cmsy/m/n on input line 91.
LaTeX Font Info:    ... okay on input line 91.
LaTeX Font Info:    Checking defaults for OMX/cmex/m/n on input line 91.
LaTeX Font Info:    ... okay on input line 91.
LaTeX Font Info:    Checking defaults for U/cmr/m/n on input line 91.
LaTeX Font Info:    ... okay on input line 91.
LaTeX Font Info:    Checking defaults for PD1/pdf/m/n on input line 91.
LaTeX Font Info:    ... okay on input line 91.
LaTeX Font Info:    Checking defaults for TS1/cmr/m/n on input line 91.
LaTeX Font Info:    Try loading font information for TS1+cmr on input line 91.

(/usr/local/texlive/2018/texmf-dist/tex/latex/base/ts1cmr.fd
File: ts1cmr.fd 2014/09/29 v2.5h Standard LaTeX font definitions
)
LaTeX Font Info:    ... okay on input line 91.

*geometry* driver: auto-detecting
*geometry* detected driver: pdftex
*geometry* verbose mode - [ preamble ] result:
* driver: pdftex
* paper: a4paper
* layout: <same size as paper>
* layoutoffset:(h,v)=(0.0pt,0.0pt)
* modes: 
* h-part:(L,W,R)=(85.35826pt, 441.01773pt, 71.13188pt)
* v-part:(T,H,B)=(71.13188pt, 702.78308pt, 71.13188pt)
* \paperwidth=597.50787pt
* \paperheight=845.04684pt
* \textwidth=441.01773pt
* \textheight=702.78308pt
* \oddsidemargin=13.08827pt
* \evensidemargin=13.08827pt
* \topmargin=-33.0119pt
* \headheight=14.0pt
* \headsep=19.8738pt
* \topskip=11.0pt
* \footskip=27.46295pt
* \marginparwidth=53.0pt
* \marginparsep=7.0pt
* \columnsep=10.0pt
* \skip\footins=10.0pt plus 4.0pt minus 2.0pt
* \hoffset=0.0pt
* \voffset=0.0pt
* \mag=1000
* \@twocolumnfalse
* \@twosidefalse
* \@mparswitchfalse
* \@reversemarginfalse
* (1in=72.27pt=25.4mm, 1cm=28.453pt)

ABD: EverySelectfont initializing macros
LaTeX Info: Redefining \selectfont on input line 91.
LaTeX Info: Redefining \degres on input line 91.
LaTeX Info: Redefining \dots on input line 91.
Package french.ldf Info: Setting StandardEnumerateEnv=true for
(french.ldf)             compatibility with enumerate package,
(french.ldf)             reported on input line 91.
LaTeX Info: Redefining \up on input line 91.
Package caption Info: Begin \AtBeginDocument code.
Package caption Info: subfig package v1.3 is loaded.
Package caption Info: hyperref package is loaded.
Package caption Info: listings package is loaded.
Package caption Info: longtable package is loaded.

(/usr/local/texlive/2018/texmf-dist/tex/latex/caption/ltcaption.sty
Package: ltcaption 2013/06/09 v1.4-94 longtable captions (AR)
)
Package caption Info: threeparttable package is loaded.
Package caption Info: End \AtBeginDocument code.

(/usr/local/texlive/2018/texmf-dist/tex/context/base/mkii/supp-pdf.mkii
[Loading MPS to PDF converter (version 2006.09.02).]
\scratchcounter=\count267
\scratchdimen=\dimen280
\scratchbox=\box82
\nofMPsegments=\count268
\nofMParguments=\count269
\everyMPshowfont=\toks53
\MPscratchCnt=\count270
\MPscratchDim=\dimen281
\MPnumerator=\count271
\makeMPintoPDFobject=\count272
\everyMPtoPDFconversion=\toks54
)
\AtBeginShipoutBox=\box83
Package hyperref Info: Link coloring OFF on input line 91.
 (/usr/local/texlive/2018/texmf-dist/tex/latex/hyperref/nameref.sty
Package: nameref 2016/05/21 v2.44 Cross-referencing by name of section

(/usr/local/texlive/2018/texmf-dist/tex/generic/oberdiek/gettitlestring.sty
Package: gettitlestring 2016/05/16 v1.5 Cleanup title references (HO)
)
\c@section@level=\count273
)
LaTeX Info: Redefining \ref on input line 91.
LaTeX Info: Redefining \pageref on input line 91.
LaTeX Info: Redefining \nameref on input line 91.

(./main.out) (./main.out)
\@outlinefile=\write6
\openout6 = `main.out'.

\c@minilofdepth=\count274
\c@minilotdepth=\count275
\c@partlofdepth=\count276
\c@partlotdepth=\count277
\c@sectlofdepth=\count278
\c@sectlotdepth=\count279
Package minitoc(hints) Info: I0049
(minitoc(hints))             ==> You requested the hints option. 
(minitoc(hints))             Some hints are eventually given below.
Package minitoc(hints) Info: I0046
(minitoc(hints))             --- The tocbibind package is loaded. 
(minitoc(hints))             See the minitoc package documentation 
(minitoc(hints))             for specific precautions.


Package minitoc(hints) Warning: W0030
(minitoc(hints))                --- The \part command is altered 
(minitoc(hints))                after minitoc.


Package minitoc(hints) Warning: W0023
(minitoc(hints))                --- It may be the consequence 
(minitoc(hints))                of loading the ``hyperref'' package.


Package minitoc(hints) Warning: W0028
(minitoc(hints))                --- The \chapter command is altered 
(minitoc(hints))                after minitoc.


Package minitoc(hints) Warning: W0023
(minitoc(hints))                --- It may be the consequence 
(minitoc(hints))                of loading the ``hyperref'' package.

ABD: EveryShipout initializing macros
\c@lstlisting=\count280
\openout2 = `titre.aux'.

 (./titre.tex
LaTeX Font Info:    Font shape `T1/lmr/bx/sc' in size <14.4> not available
(Font)              Font shape `T1/cmr/bx/sc' tried instead on input line 64.

(/usr/local/texlive/2018/texmf-dist/tex/latex/lm/ot1lmr.fd)
(/usr/local/texlive/2018/texmf-dist/tex/latex/lm/omllmm.fd)
(/usr/local/texlive/2018/texmf-dist/tex/latex/lm/omslmsy.fd)
(/usr/local/texlive/2018/texmf-dist/tex/latex/lm/omxlmex.fd)
(/usr/local/texlive/2018/texmf-dist/tex/latex/amsfonts/umsa.fd)
(/usr/local/texlive/2018/texmf-dist/tex/latex/amsfonts/umsb.fd)
(/usr/local/texlive/2018/texmf-dist/tex/latex/jknapltx/ursfs.fd)
Underfull \hbox (badness 10000) in paragraph at lines 101--101
[]\T1/lmr/m/n/10 Universit de Mon-pel-lier, UMR CNRS
 []


Underfull \hbox (badness 3601) in paragraph at lines 101--101
\T1/lmr/m/n/10 5290/IRD 224, Ox-ford Uni-ver-sity Cli-ni-cal
 []

) [1




{/usr/local/texlive/2018/texmf-var/fonts/map/pdftex/updmap/pdftex.map}]
\openout2 = `remerciement.aux'.


(./remerciement.tex) [2




]
\openout2 = `resume.aux'.

 (./resume.tex [3




]) [4] [5]
Package minitoc Info: I0024
(minitoc)             PREPARING MINITOCS FROM main.toc on input line 132.
Package minitoc Info: I0033
(minitoc)             Writing main.mtc1.
\openout3 = `main.mtc1'.

Package minitoc Info: I0033
(minitoc)             Writing main.mtc2.
\openout3 = `main.mtc2'.

Package minitoc Info: I0033
(minitoc)             Writing main.mtc3.
\openout3 = `main.mtc3'.

Package minitoc Info: I0033
(minitoc)             Writing main.mtc4.
\openout3 = `main.mtc4'.

Package minitoc Info: I0033
(minitoc)             Writing main.mtc5.
\openout3 = `main.mtc5'.

Package minitoc Info: I0033
(minitoc)             Writing main.mtc6.
\openout3 = `main.mtc6'.

Package minitoc Info: I0033
(minitoc)             Writing main.mtc7.
\openout3 = `main.mtc7'.

Package minitoc Info: I0033
(minitoc)             Writing main.mtc8.
\openout3 = `main.mtc8'.

Package minitoc Info: I0033
(minitoc)             Writing main.mtc9.
\openout3 = `main.mtc9'.

 (./main.toc
LaTeX Font Info:    External font `lmex10' loaded for size
(Font)              <12> on input line 5.
LaTeX Font Info:    External font `lmex10' loaded for size
(Font)              <8> on input line 5.
LaTeX Font Info:    External font `lmex10' loaded for size
(Font)              <6> on input line 5.
 [6



])
\tf@toc=\write7
\openout7 = `main.toc'.

 [7]
(./main.lof [8


] [9] [10])
\tf@lof=\write8
\openout8 = `main.lof'.

 [11] (./main.lot)
\tf@lot=\write9
\openout9 = `main.lot'.

 [12


]
\openout2 = `chap1.aux'.

 (./chap1.tex
Chapitre 1.
\openout3 = `main.mtc'.

\openout3 = `main.mtc'.

(./main.mtc1)

LaTeX Warning: Command \` invalid in math mode on input line 12.

[1





]

LaTeX Warning: Command \` invalid in math mode on input line 16.


LaTeX Warning: Command \` invalid in math mode on input line 16.


LaTeX Warning: Citation `kermack1927' on page 2 undefined on input line 16.


LaTeX Warning: Command \` invalid in math mode on input line 16.


LaTeX Warning: Command \` invalid in math mode on input line 18.

[2]
<../figures/chap1/Pic1.png, id=587, 488.5452pt x 264.5082pt>
File: ../figures/chap1/Pic1.png Graphic file (type png)
<use ../figures/chap1/Pic1.png>
Package pdftex.def Info: ../figures/chap1/Pic1.png  used on input line 32.
(pdftex.def)             Requested size: 441.01773pt x 238.78165pt.
<../figures/chap1/Pic2.png, id=590, 663.4386pt x 259.2084pt>
File: ../figures/chap1/Pic2.png Graphic file (type png)
<use ../figures/chap1/Pic2.png>
Package pdftex.def Info: ../figures/chap1/Pic2.png  used on input line 42.
(pdftex.def)             Requested size: 441.01773pt x 172.31207pt.


LaTeX Warning: `h' float specifier changed to `ht'.

<../figures/chap1/Pic3.png, id=592, 763.653pt x 365.6862pt>
File: ../figures/chap1/Pic3.png Graphic file (type png)
<use ../figures/chap1/Pic3.png>
Package pdftex.def Info: ../figures/chap1/Pic3.png  used on input line 52.
(pdftex.def)             Requested size: 441.01773pt x 211.1942pt.

LaTeX Warning: `h' float specifier changed to `ht'.

<../figures/chap1/Pic4.png, id=594, 648.9846pt x 304.9794pt>
File: ../figures/chap1/Pic4.png Graphic file (type png)
<use ../figures/chap1/Pic4.png>
Package pdftex.def Info: ../figures/chap1/Pic4.png  used on input line 62.
(pdftex.def)             Requested size: 441.01773pt x 207.25294pt.

LaTeX Warning: `h' float specifier changed to `ht'.

[3 <../figures/chap1/Pic1.png>] [4 <../figures/chap1/Pic2.png> <../figures/chap
1/Pic3.png>] [5 <../figures/chap1/Pic4.png>]

LaTeX Warning: Command \` invalid in math mode on input line 98.


LaTeX Warning: Command \` invalid in math mode on input line 100.


LaTeX Warning: Command \` invalid in math mode on input line 100.

[6]

LaTeX Warning: Command \` invalid in math mode on input line 115.

[7]

LaTeX Warning: Command \` invalid in math mode on input line 117.


LaTeX Warning: Command \` invalid in math mode on input line 117.

[8] [9]) [10]
\openout2 = `chap2.aux'.

 (./chap2.tex
Chapitre 2.
[11




] [12]
<../figures/chap2/Test7.png, id=682, 1027.84pt x 770.88pt>
File: ../figures/chap2/Test7.png Graphic file (type png)
<use ../figures/chap2/Test7.png>
Package pdftex.def Info: ../figures/chap2/Test7.png  used on input line 33.
(pdftex.def)             Requested size: 220.50887pt x 165.38309pt.
<../figures/chap2/Test56.png, id=683, 1027.84pt x 770.88pt>
File: ../figures/chap2/Test56.png Graphic file (type png)
<use ../figures/chap2/Test56.png>
Package pdftex.def Info: ../figures/chap2/Test56.png  used on input line 38.
(pdftex.def)             Requested size: 220.50887pt x 165.38309pt.
<../figures/chap2/Test61.png, id=684, 1027.84pt x 770.88pt>
File: ../figures/chap2/Test61.png Graphic file (type png)
<use ../figures/chap2/Test61.png>
Package pdftex.def Info: ../figures/chap2/Test61.png  used on input line 43.
(pdftex.def)             Requested size: 220.50887pt x 165.38309pt.
<../figures/chap2/Test91.png, id=685, 1027.84pt x 770.88pt>
File: ../figures/chap2/Test91.png Graphic file (type png)
<use ../figures/chap2/Test91.png>
Package pdftex.def Info: ../figures/chap2/Test91.png  used on input line 48.
(pdftex.def)             Requested size: 220.50887pt x 165.38309pt.
<../figures/chap2/Test123.png, id=686, 1027.84pt x 770.88pt>
File: ../figures/chap2/Test123.png Graphic file (type png)
<use ../figures/chap2/Test123.png>
Package pdftex.def Info: ../figures/chap2/Test123.png  used on input line 53.
(pdftex.def)             Requested size: 220.50887pt x 165.38309pt.
<../figures/chap2/Test136.png, id=687, 1027.84pt x 770.88pt>
File: ../figures/chap2/Test136.png Graphic file (type png)
<use ../figures/chap2/Test136.png>
Package pdftex.def Info: ../figures/chap2/Test136.png  used on input line 58.
(pdftex.def)             Requested size: 220.50887pt x 165.38309pt.
<../figures/chap2/Test163.png, id=688, 1027.84pt x 770.88pt>
File: ../figures/chap2/Test163.png Graphic file (type png)
<use ../figures/chap2/Test163.png>
Package pdftex.def Info: ../figures/chap2/Test163.png  used on input line 63.
(pdftex.def)             Requested size: 220.50887pt x 165.38309pt.
<../figures/chap2/Test200.png, id=689, 1027.84pt x 770.88pt>
File: ../figures/chap2/Test200.png Graphic file (type png)
<use ../figures/chap2/Test200.png>
Package pdftex.def Info: ../figures/chap2/Test200.png  used on input line 68.
(pdftex.def)             Requested size: 220.50887pt x 165.38309pt.


Package caption Warning: The option `hypcap=true' will be ignored for this
(caption)                particular \caption on input line 71.
See the caption package documentation for explanation.

[13 <../figures/chap2/Test7.png> <../figures/chap2/Test56.png> <../figures/chap
2/Test61.png> <../figures/chap2/Test91.png>]
LaTeX Font Info:    External font `lmex10' loaded for size
(Font)              <10.95> on input line 79.
 [14 <../figures/chap2/Test123.png> <../figures/chap2/Test136.png> <../figures/
chap2/Test163.png> <../figures/chap2/Test200.png>]
<../figures/chap2/Pic2_1.png, id=709, 714.5094pt x 289.08pt>
File: ../figures/chap2/Pic2_1.png Graphic file (type png)
<use ../figures/chap2/Pic2_1.png>
Package pdftex.def Info: ../figures/chap2/Pic2_1.png  used on input line 140.
(pdftex.def)             Requested size: 441.01773pt x 178.42935pt.
<../figures/chap2/Pic2_2.png, id=710, 1373.13pt x 770.88pt>
File: ../figures/chap2/Pic2_2.png Graphic file (type png)
<use ../figures/chap2/Pic2_2.png>
Package pdftex.def Info: ../figures/chap2/Pic2_2.png  used on input line 147.
(pdftex.def)             Requested size: 441.01773pt x 247.5806pt.


LaTeX Warning: `h' float specifier changed to `ht'.

[15] [16 <../figures/chap2/Pic2_1.png>]
<../figures/chap2/Pic2_3.png, id=720, 1373.13pt x 770.88pt>
File: ../figures/chap2/Pic2_3.png Graphic file (type png)
<use ../figures/chap2/Pic2_3.png>
Package pdftex.def Info: ../figures/chap2/Pic2_3.png  used on input line 153.
(pdftex.def)             Requested size: 441.01773pt x 247.5806pt.


LaTeX Warning: `h' float specifier changed to `ht'.

) [17 <../figures/chap2/Pic2_2.png>] [18 <../figures/chap2/Pic2_3.png>]
\openout2 = `chap3.aux'.


(./chap3.tex
Chapitre 3.
[19




] [20]

LaTeX Warning: Command \textendash invalid in math mode on input line 35.

[21] [22] [23] [24]

LaTeX Warning: `h' float specifier changed to `ht'.

<../figures/chap3/Pic3_1.png, id=777, 728.7225pt x 581.17125pt>
File: ../figures/chap3/Pic3_1.png Graphic file (type png)
<use ../figures/chap3/Pic3_1.png>
Package pdftex.def Info: ../figures/chap3/Pic3_1.png  used on input line 161.
(pdftex.def)             Requested size: 441.01773pt x 351.72054pt.

LaTeX Warning: `h' float specifier changed to `ht'.

<../figures/chap3/Pic3_2.png, id=778, 1027.84pt x 770.88pt>
File: ../figures/chap3/Pic3_2.png Graphic file (type png)
<use ../figures/chap3/Pic3_2.png>
Package pdftex.def Info: ../figures/chap3/Pic3_2.png  used on input line 167.
(pdftex.def)             Requested size: 441.01773pt x 330.76617pt.

LaTeX Warning: `h' float specifier changed to `ht'.

) [25] [26 <../figures/chap3/Pic3_1.png>] [27 <../figures/chap3/Pic3_2.png>]
\openout2 = `chap4.aux'.


(./chap4.tex
Chapitre 4.
<../figures/chap4/Pic4_1.png, id=795, 1027.84pt x 770.88pt>
File: ../figures/chap4/Pic4_1.png Graphic file (type png)
<use ../figures/chap4/Pic4_1.png>
Package pdftex.def Info: ../figures/chap4/Pic4_1.png  used on input line 16.
(pdftex.def)             Requested size: 441.01773pt x 330.76617pt.

LaTeX Warning: `h' float specifier changed to `ht'.

[28




] [29 <../figures/chap4/Pic4_1.png>]
<../figures/chap4/Pic4_2.png, id=810, 635.976pt x 425.4294pt>
File: ../figures/chap4/Pic4_2.png Graphic file (type png)
<use ../figures/chap4/Pic4_2.png>
Package pdftex.def Info: ../figures/chap4/Pic4_2.png  used on input line 39.
(pdftex.def)             Requested size: 441.01773pt x 295.01367pt.


LaTeX Warning: `h' float specifier changed to `ht'.


LaTeX Warning: Citation `gouhier2018' on page 30 undefined on input line 44.

[30] [31 <../figures/chap4/Pic4_2.png>]
<../figures/chap4/Pic4_3.png, id=830, 1304.875pt x 722.7pt>
File: ../figures/chap4/Pic4_3.png Graphic file (type png)
<use ../figures/chap4/Pic4_3.png>
Package pdftex.def Info: ../figures/chap4/Pic4_3.png  used on input line 57.
(pdftex.def)             Requested size: 441.01773pt x 244.25911pt.
<../figures/chap4/Pic4_4.png, id=831, 1304.875pt x 722.7pt>
File: ../figures/chap4/Pic4_4.png Graphic file (type png)
<use ../figures/chap4/Pic4_4.png>
Package pdftex.def Info: ../figures/chap4/Pic4_4.png  used on input line 65.
(pdftex.def)             Requested size: 441.01773pt x 244.25911pt.


LaTeX Warning: `h' float specifier changed to `ht'.

<../figures/chap4/Pic4_5.png, id=832, 1304.875pt x 722.7pt>
File: ../figures/chap4/Pic4_5.png Graphic file (type png)
<use ../figures/chap4/Pic4_5.png>
Package pdftex.def Info: ../figures/chap4/Pic4_5.png  used on input line 73.
(pdftex.def)             Requested size: 441.01773pt x 244.25911pt.

LaTeX Warning: `h' float specifier changed to `ht'.

[32 <../figures/chap4/Pic4_3.png>]
<../figures/chap4/Pic4_6.png, id=847, 2055.68pt x 719.68875pt>
File: ../figures/chap4/Pic4_6.png Graphic file (type png)
<use ../figures/chap4/Pic4_6.png>
Package pdftex.def Info: ../figures/chap4/Pic4_6.png  used on input line 90.
(pdftex.def)             Requested size: 441.01773pt x 154.40062pt.


LaTeX Warning: `h' float specifier changed to `ht'.

<../figures/chap4/Pic4_7.png, id=848, 2055.68pt x 714.67pt>
File: ../figures/chap4/Pic4_7.png Graphic file (type png)
<use ../figures/chap4/Pic4_7.png>
Package pdftex.def Info: ../figures/chap4/Pic4_7.png  used on input line 96.
(pdftex.def)             Requested size: 441.01773pt x 153.3239pt.

LaTeX Warning: `h' float specifier changed to `ht'.

<../figures/chap4/Pic4_8.png, id=849, 2055.68pt x 714.67pt>
File: ../figures/chap4/Pic4_8.png Graphic file (type png)
<use ../figures/chap4/Pic4_8.png>
Package pdftex.def Info: ../figures/chap4/Pic4_8.png  used on input line 102.
(pdftex.def)             Requested size: 441.01773pt x 153.3239pt.

LaTeX Warning: `h' float specifier changed to `ht'.

<../figures/chap4/Pic4_9.png, id=850, 2055.68pt x 714.67pt>
File: ../figures/chap4/Pic4_9.png Graphic file (type png)
<use ../figures/chap4/Pic4_9.png>
Package pdftex.def Info: ../figures/chap4/Pic4_9.png  used on input line 108.
(pdftex.def)             Requested size: 441.01773pt x 153.3239pt.

LaTeX Warning: `h' float specifier changed to `ht'.

) [33 <../figures/chap4/Pic4_4.png>] [34 <../figures/chap4/Pic4_5.png> <../figu
res/chap4/Pic4_6.png>] [35 <../figures/chap4/Pic4_7.png> <../figures/chap4/Pic4
_8.png> <../figures/chap4/Pic4_9.png>]
\openout2 = `chap5.aux'.

 (./chap5.tex
Chapitre 5.

LaTeX Warning: Reference `hoang2016' on page 36 undefined on input line 6.

[36




]

LaTeX Warning: Command \` invalid in math mode on input line 27.

[37]

LaTeX Warning: Command \` invalid in math mode on input line 31.

[38]
LaTeX Font Info:    Try loading font information for T1+lmtt on input line 71.
 (/usr/local/texlive/2018/texmf-dist/tex/latex/lm/t1lmtt.fd
File: t1lmtt.fd 2009/10/30 v1.6 Font defs for Latin Modern
) [39]
<../figures/chap5/Pic5_1.png, id=904, 1353.055pt x 515.9275pt>
File: ../figures/chap5/Pic5_1.png Graphic file (type png)
<use ../figures/chap5/Pic5_1.png>
Package pdftex.def Info: ../figures/chap5/Pic5_1.png  used on input line 103.
(pdftex.def)             Requested size: 441.01773pt x 168.16254pt.
 [40 <../figures/chap5/Pic5_1.png>]
Underfull \hbox (badness 1102) in paragraph at lines 114--114
[]\T1/lmr/m/n/10.95 Set of cli-
 []


Underfull \hbox (badness 4120) in paragraph at lines 114--114
\T1/lmr/m/n/10.95 ma-tic fac-
 []


Underfull \hbox (badness 3209) in paragraph at lines 114--114
[]\T1/lmr/m/n/10.95 rf +
 []


Underfull \hbox (badness 3209) in paragraph at lines 114--114
[]\T1/lmr/m/n/10.95 rf +
 []


Underfull \hbox (badness 3209) in paragraph at lines 114--114
[]\T1/lmr/m/n/10.95 rf +
 []

[41]
<../figures/chap5/uni_6.png, id=923, 781.4796pt x 470.7186pt>
File: ../figures/chap5/uni_6.png Graphic file (type png)
<use ../figures/chap5/uni_6.png>
Package pdftex.def Info: ../figures/chap5/uni_6.png  used on input line 135.
(pdftex.def)             Requested size: 441.01773pt x 265.64046pt.
<../figures/chap5/uni_7.png, id=924, 781.4796pt x 470.7186pt>
File: ../figures/chap5/uni_7.png Graphic file (type png)
<use ../figures/chap5/uni_7.png>
Package pdftex.def Info: ../figures/chap5/uni_7.png  used on input line 144.
(pdftex.def)             Requested size: 441.01773pt x 265.64046pt.


LaTeX Warning: `h' float specifier changed to `ht'.

<../figures/chap5/uni_8.png, id=925, 781.4796pt x 470.7186pt>
File: ../figures/chap5/uni_8.png Graphic file (type png)
<use ../figures/chap5/uni_8.png>
Package pdftex.def Info: ../figures/chap5/uni_8.png  used on input line 152.
(pdftex.def)             Requested size: 441.01773pt x 265.64046pt.

LaTeX Warning: `h' float specifier changed to `ht'.

<../figures/chap5/uni_9.png, id=926, 781.4796pt x 470.7186pt>
File: ../figures/chap5/uni_9.png Graphic file (type png)
<use ../figures/chap5/uni_9.png>
Package pdftex.def Info: ../figures/chap5/uni_9.png  used on input line 160.
(pdftex.def)             Requested size: 441.01773pt x 265.64046pt.

LaTeX Warning: `h' float specifier changed to `ht'.

<../figures/chap5/multi_6.png, id=927, 781.4796pt x 470.7186pt>
File: ../figures/chap5/multi_6.png Graphic file (type png)
<use ../figures/chap5/multi_6.png>
Package pdftex.def Info: ../figures/chap5/multi_6.png  used on input line 171.
(pdftex.def)             Requested size: 441.01773pt x 265.64046pt.

LaTeX Warning: `h' float specifier changed to `ht'.

<../figures/chap5/multi_7.png, id=928, 781.4796pt x 470.2368pt>
File: ../figures/chap5/multi_7.png Graphic file (type png)
<use ../figures/chap5/multi_7.png>
Package pdftex.def Info: ../figures/chap5/multi_7.png  used on input line 179.
(pdftex.def)             Requested size: 441.01773pt x 265.36856pt.

LaTeX Warning: `h' float specifier changed to `ht'.

<../figures/chap5/multi_8.png, id=929, 781.4796pt x 470.7186pt>
File: ../figures/chap5/multi_8.png Graphic file (type png)
<use ../figures/chap5/multi_8.png>
Package pdftex.def Info: ../figures/chap5/multi_8.png  used on input line 187.
(pdftex.def)             Requested size: 441.01773pt x 265.64046pt.

LaTeX Warning: `h' float specifier changed to `ht'.

<../figures/chap5/multi_9.png, id=930, 781.4796pt x 470.7186pt>
File: ../figures/chap5/multi_9.png Graphic file (type png)
<use ../figures/chap5/multi_9.png>
Package pdftex.def Info: ../figures/chap5/multi_9.png  used on input line 195.
(pdftex.def)             Requested size: 441.01773pt x 265.64046pt.

LaTeX Warning: `h' float specifier changed to `ht'.

) [42 <../figures/chap5/uni_6.png>] [43 <../figures/chap5/uni_7.png> <../figure
s/chap5/uni_8.png>] [44 <../figures/chap5/uni_9.png> <../figures/chap5/multi_6.
png>] [45 <../figures/chap5/multi_7.png> <../figures/chap5/multi_8.png>]
[46 <../figures/chap5/multi_9.png>]
\openout2 = `conclusion.aux'.

 (./conclusion.tex
Chapitre 6.
[47




]) [48] [49



] [50] [51]
\openout2 = `annexe.aux'.

 (./annexe.tex
Annexe A.
<../figures/annexe/result_ta.png, id=999, 1371.1225pt x 770.88pt>
File: ../figures/annexe/result_ta.png Graphic file (type png)
<use ../figures/annexe/result_ta.png>
Package pdftex.def Info: ../figures/annexe/result_ta.png  used on input line 14
.
(pdftex.def)             Requested size: 441.01773pt x 247.94525pt.

LaTeX Warning: `h' float specifier changed to `ht'.

<../figures/annexe/result_tx.png, id=1000, 1371.1225pt x 770.88pt>
File: ../figures/annexe/result_tx.png Graphic file (type png)
<use ../figures/annexe/result_tx.png>
Package pdftex.def Info: ../figures/annexe/result_tx.png  used on input line 22
.
(pdftex.def)             Requested size: 441.01773pt x 247.94525pt.

LaTeX Warning: `h' float specifier changed to `ht'.

<../figures/annexe/result_tm.png, id=1001, 1371.1225pt x 770.88pt>
File: ../figures/annexe/result_tm.png Graphic file (type png)
<use ../figures/annexe/result_tm.png>
Package pdftex.def Info: ../figures/annexe/result_tm.png  used on input line 30
.
(pdftex.def)             Requested size: 441.01773pt x 247.94525pt.

LaTeX Warning: `h' float specifier changed to `ht'.

<../figures/annexe/result_rf.png, id=1002, 1371.1225pt x 770.88pt>
File: ../figures/annexe/result_rf.png Graphic file (type png)
<use ../figures/annexe/result_rf.png>
Package pdftex.def Info: ../figures/annexe/result_rf.png  used on input line 38
.
(pdftex.def)             Requested size: 441.01773pt x 247.94525pt.

LaTeX Warning: `h' float specifier changed to `ht'.

<../figures/annexe/result_rh.png, id=1003, 1371.1225pt x 770.88pt>
File: ../figures/annexe/result_rh.png Graphic file (type png)
<use ../figures/annexe/result_rh.png>
Package pdftex.def Info: ../figures/annexe/result_rh.png  used on input line 46
.
(pdftex.def)             Requested size: 441.01773pt x 247.94525pt.

LaTeX Warning: `h' float specifier changed to `ht'.

<../figures/annexe/result_sh.png, id=1004, 1371.1225pt x 770.88pt>
File: ../figures/annexe/result_sh.png Graphic file (type png)
<use ../figures/annexe/result_sh.png>
Package pdftex.def Info: ../figures/annexe/result_sh.png  used on input line 54
.
(pdftex.def)             Requested size: 441.01773pt x 247.94525pt.

LaTeX Warning: `h' float specifier changed to `ht'.

<../figures/annexe/result_ah.png, id=1005, 1371.1225pt x 770.88pt>
File: ../figures/annexe/result_ah.png Graphic file (type png)
<use ../figures/annexe/result_ah.png>
Package pdftex.def Info: ../figures/annexe/result_ah.png  used on input line 62
.
(pdftex.def)             Requested size: 441.01773pt x 247.94525pt.

LaTeX Warning: `h' float specifier changed to `ht'.

<../figures/annexe/lat_result_ta.png, id=1006, 1371.1225pt x 770.88pt>
File: ../figures/annexe/lat_result_ta.png Graphic file (type png)
<use ../figures/annexe/lat_result_ta.png>
Package pdftex.def Info: ../figures/annexe/lat_result_ta.png  used on input lin
e 74.
(pdftex.def)             Requested size: 441.01773pt x 247.94525pt.

LaTeX Warning: `h' float specifier changed to `ht'.

<../figures/annexe/lat_result_tx.png, id=1007, 1371.1225pt x 770.88pt>
File: ../figures/annexe/lat_result_tx.png Graphic file (type png)
<use ../figures/annexe/lat_result_tx.png>
Package pdftex.def Info: ../figures/annexe/lat_result_tx.png  used on input lin
e 82.
(pdftex.def)             Requested size: 441.01773pt x 247.94525pt.

LaTeX Warning: `h' float specifier changed to `ht'.

<../figures/annexe/lat_result_tm.png, id=1008, 1371.1225pt x 770.88pt>
File: ../figures/annexe/lat_result_tm.png Graphic file (type png)
<use ../figures/annexe/lat_result_tm.png>
Package pdftex.def Info: ../figures/annexe/lat_result_tm.png  used on input lin
e 90.
(pdftex.def)             Requested size: 441.01773pt x 247.94525pt.

LaTeX Warning: `h' float specifier changed to `ht'.

<../figures/annexe/lat_result_rf.png, id=1009, 1371.1225pt x 770.88pt>
File: ../figures/annexe/lat_result_rf.png Graphic file (type png)
<use ../figures/annexe/lat_result_rf.png>
Package pdftex.def Info: ../figures/annexe/lat_result_rf.png  used on input lin
e 98.
(pdftex.def)             Requested size: 441.01773pt x 247.94525pt.

LaTeX Warning: `h' float specifier changed to `ht'.

<../figures/annexe/lat_result_rh.png, id=1010, 1371.1225pt x 770.88pt>
File: ../figures/annexe/lat_result_rh.png Graphic file (type png)
<use ../figures/annexe/lat_result_rh.png>
Package pdftex.def Info: ../figures/annexe/lat_result_rh.png  used on input lin
e 106.
(pdftex.def)             Requested size: 441.01773pt x 247.94525pt.

LaTeX Warning: `h' float specifier changed to `ht'.

<../figures/annexe/lat_result_sh.png, id=1011, 1371.1225pt x 770.88pt>
File: ../figures/annexe/lat_result_sh.png Graphic file (type png)
<use ../figures/annexe/lat_result_sh.png>
Package pdftex.def Info: ../figures/annexe/lat_result_sh.png  used on input lin
e 114.
(pdftex.def)             Requested size: 441.01773pt x 247.94525pt.

LaTeX Warning: `h' float specifier changed to `ht'.

<../figures/annexe/lat_result_ah.png, id=1012, 1371.1225pt x 770.88pt>
File: ../figures/annexe/lat_result_ah.png Graphic file (type png)
<use ../figures/annexe/lat_result_ah.png>
Package pdftex.def Info: ../figures/annexe/lat_result_ah.png  used on input lin
e 122.
(pdftex.def)             Requested size: 441.01773pt x 247.94525pt.

LaTeX Warning: `h' float specifier changed to `ht'.

) [52



]

Package Fancyhdr Warning: \headheight is too small (14.0pt): 
 Make it at least 26.04582pt.
 We now make it that large for the rest of the document.
 This may cause the page layout to be inconsistent, however.

[53 <../figures/annexe/result_ta.png> <../figures/annexe/result_tx.png>]

Package Fancyhdr Warning: \headheight is too small (14.0pt): 
 Make it at least 26.04582pt.
 We now make it that large for the rest of the document.
 This may cause the page layout to be inconsistent, however.

[54 <../figures/annexe/result_tm.png> <../figures/annexe/result_rf.png>]

Package Fancyhdr Warning: \headheight is too small (14.0pt): 
 Make it at least 26.04582pt.
 We now make it that large for the rest of the document.
 This may cause the page layout to be inconsistent, however.

[55 <../figures/annexe/result_rh.png> <../figures/annexe/result_sh.png>]

Package Fancyhdr Warning: \headheight is too small (14.0pt): 
 Make it at least 26.04582pt.
 We now make it that large for the rest of the document.
 This may cause the page layout to be inconsistent, however.

[56 <../figures/annexe/result_ah.png> <../figures/annexe/lat_result_ta.png>]

Package Fancyhdr Warning: \headheight is too small (14.0pt): 
 Make it at least 26.04582pt.
 We now make it that large for the rest of the document.
 This may cause the page layout to be inconsistent, however.

[57 <../figures/annexe/lat_result_tx.png> <../figures/annexe/lat_result_tm.png>
]

Package Fancyhdr Warning: \headheight is too small (14.0pt): 
 Make it at least 26.04582pt.
 We now make it that large for the rest of the document.
 This may cause the page layout to be inconsistent, however.

[58 <../figures/annexe/lat_result_rf.png> <../figures/annexe/lat_result_rh.png>
]

Package Fancyhdr Warning: \headheight is too small (14.0pt): 
 Make it at least 26.04582pt.
 We now make it that large for the rest of the document.
 This may cause the page layout to be inconsistent, however.

[59 <../figures/annexe/lat_result_sh.png> <../figures/annexe/lat_result_ah.png>
]
Package minitoc Info: I0009
(minitoc)             Listing minitoc auxiliary files. 
(minitoc)             Creating the main.maf file.
\openout3 = `main.maf'.



Package minitoc(hints) Warning: W0024
(minitoc(hints))                Some hints have been written 
(minitoc(hints))                in the main.log file.

Package atveryend Info: Empty hook `BeforeClearDocument' on input line 261.
Package atveryend Info: Empty hook `AfterLastShipout' on input line 261.
(./main.aux (./titre.aux) (./remerciement.aux) (./resume.aux) (./chap1.aux)
(./chap2.aux) (./chap3.aux) (./chap4.aux) (./chap5.aux) (./conclusion.aux)
(./annexe.aux))
Package atveryend Info: Executing hook `AtVeryEndDocument' on input line 261.
Package atveryend Info: Executing hook `AtEndAfterFileList' on input line 261.


Package rerunfilecheck Warning: File `main.out' has changed.
(rerunfilecheck)                Rerun to get outlines right
(rerunfilecheck)                or use package `bookmark'.

Package rerunfilecheck Info: Checksums for `main.out':
(rerunfilecheck)             Before: 30DCF2693E8B6C89F2E67AAD00B8180A;4355
(rerunfilecheck)             After:  CD2A2B700445A421B0E79F38708606FC;4044.

LaTeX Warning: There were undefined references.


LaTeX Warning: Label(s) may have changed. Rerun to get cross-references right.

Package atveryend Info: Empty hook `AtVeryVeryEnd' on input line 261.
 )
(\end occurred inside a group at level 1)

### simple group (level 1) entered at line 45 ({)
### bottom level 
Here is how much of TeX's memory you used:
 28141 strings out of 492649
 516968 string characters out of 6129622
 787167 words of memory out of 5000000
 30891 multiletter control sequences out of 15000+600000
 83523 words of font info for 79 fonts, out of 8000000 for 9000
 1141 hyphenation exceptions out of 8191
 55i,12n,71p,2098b,966s stack positions out of 5000i,500n,10000p,200000b,80000s
pdfTeX warning (dest): name{figure.caption.64} has been referen
ced but does not exist, replaced by a fixed one

pdfTeX warning (dest): name{figure.caption.63} has been referenced but does not
 exist, replaced by a fixed one

pdfTeX warning (dest): name{figure.caption.48} has been referenced but does not
 exist, replaced by a fixed one

pdfTeX warning (dest): name{chapter*.50} has been referenced but does not exist
, replaced by a fixed one

pdfTeX warning (dest): name{section.7.2} has been referenced but does not exist
, replaced by a fixed one

pdfTeX warning (dest): name{section.7.1} has been referenced but does not exist
, replaced by a fixed one

pdfTeX warning (dest): name{chapter.7} has been referenced but does not exist, 
replaced by a fixed one

pdfTeX warning (dest): name{subsection.6.2.2} has been referenced but does not 
exist, replaced by a fixed one

pdfTeX warning (dest): name{subsection.6.2.1} has been referenced but does not 
exist, replaced by a fixed one

{/usr/local/texlive/2018/texmf-dist/fonts/enc/dvips/lm/lm-ec.enc}{/usr/local/te
xlive/2018/texmf-dist/fonts/enc/dvips/lm/lm-mathit.enc}{/usr/local/texlive/2018
/texmf-dist/fonts/enc/dvips/lm/lm-rm.enc}{/usr/local/texlive/2018/texmf-dist/fo
nts/enc/dvips/lm/lm-mathsy.enc}{/usr/local/texlive/2018/texmf-dist/fonts/enc/dv
ips/lm/lm-mathex.enc}{/usr/local/texlive/2018/texmf-dist/fonts/enc/dvips/cm-sup
er/cm-super-t1.enc}</usr/local/texlive/2018/texmf-dist/fonts/type1/public/lm/lm
bx10.pfb></usr/local/texlive/2018/texmf-dist/fonts/type1/public/lm/lmbx12.pfb><
/usr/local/texlive/2018/texmf-dist/fonts/type1/public/lm/lmcsc10.pfb></usr/loca
l/texlive/2018/texmf-dist/fonts/type1/public/lm/lmex10.pfb></usr/local/texlive/
2018/texmf-dist/fonts/type1/public/lm/lmmi10.pfb></usr/local/texlive/2018/texmf
-dist/fonts/type1/public/lm/lmmi12.pfb></usr/local/texlive/2018/texmf-dist/font
s/type1/public/lm/lmmi6.pfb></usr/local/texlive/2018/texmf-dist/fonts/type1/pub
lic/lm/lmmi8.pfb></usr/local/texlive/2018/texmf-dist/fonts/type1/public/lm/lmr1
0.pfb></usr/local/texlive/2018/texmf-dist/fonts/type1/public/lm/lmr12.pfb></usr
/local/texlive/2018/texmf-dist/fonts/type1/public/lm/lmr5.pfb></usr/local/texli
ve/2018/texmf-dist/fonts/type1/public/lm/lmr6.pfb></usr/local/texlive/2018/texm
f-dist/fonts/type1/public/lm/lmr8.pfb></usr/local/texlive/2018/texmf-dist/fonts
/type1/public/lm/lmsy10.pfb></usr/local/texlive/2018/texmf-dist/fonts/type1/pub
lic/lm/lmsy8.pfb></usr/local/texlive/2018/texmf-dist/fonts/type1/public/lm/lmtt
12.pfb></usr/local/texlive/2018/texmf-dist/fonts/type1/public/amsfonts/symbols/
msbm10.pfb></usr/local/texlive/2018/texmf-dist/fonts/type1/public/cm-super/sfxc
1000.pfb></usr/local/texlive/2018/texmf-dist/fonts/type1/public/cm-super/sfxc14
40.pfb>
Output written on main.pdf (71 pages, 6965881 bytes).
PDF statistics:
 1184 PDF objects out of 1200 (max. 8388607)
 984 compressed objects within 10 object streams
 230 named destinations out of 1000 (max. 500000)
 706 words of extra memory for PDF output out of 10000 (max. 10000000)

